DEBUG - 2025-06-21 00:01:23 --> Session: Class initialized using 'CodeIgniter\Session\Handlers\FileHandler' driver.
DEBUG - 2025-06-21 00:01:23 --> RBAC: Determined required permission for path '/setting/roles' is 'can_view'.
DEBUG - 2025-06-21 00:01:23 --> RBAC: Menu '/setting/roles' (ID: 10) found by exact match for path '/setting/roles'.
DEBUG - 2025-06-21 00:01:26 --> Session: Class initialized using 'CodeIgniter\Session\Handlers\FileHandler' driver.
DEBUG - 2025-06-21 00:01:26 --> RBAC: Determined required permission for path '/setting/getrolemenus/1' is 'can_view'.
DEBUG - 2025-06-21 00:01:26 --> RBAC: Exact path '/setting/getrolemenus/1' not found. Attempting to find base resource.
DEBUG - 2025-06-21 00:01:26 --> RBAC: Identified '/setting/getrolemenus/1' as potential action. Base resource path considered: /setting/getrolemenus.
DEBUG - 2025-06-21 00:01:26 --> RBAC: Found base menu '/setting/getrolemenus' (ID: 19) for action path '/setting/getrolemenus/1'. Authorization will use this base menu.
WARNING - 2025-06-21 00:01:26 --> RBAC: Access denied for UserID: 1. Required permission 'can_view' not granted for menu '/setting/getrolemenus' (MenuID: 19). Roles: 1. Path: /setting/getrolemenus/1. (Permission checked on base menu for action path).
DEBUG - 2025-06-21 00:01:26 --> Session: Class initialized using 'CodeIgniter\Session\Handlers\FileHandler' driver.
DEBUG - 2025-06-21 00:02:38 --> Session: Class initialized using 'CodeIgniter\Session\Handlers\FileHandler' driver.
DEBUG - 2025-06-21 00:02:38 --> RBAC: Determined required permission for path '/setting/getrolemenus/1' is 'can_view'.
DEBUG - 2025-06-21 00:02:38 --> RBAC: Exact path '/setting/getrolemenus/1' not found. Attempting to find base resource.
DEBUG - 2025-06-21 00:02:38 --> RBAC: Identified '/setting/getrolemenus/1' as potential action. Base resource path considered: /setting/getrolemenus.
DEBUG - 2025-06-21 00:02:38 --> RBAC: Found base menu '/setting/getrolemenus' (ID: 19) for action path '/setting/getrolemenus/1'. Authorization will use this base menu.
WARNING - 2025-06-21 00:02:38 --> RBAC: Access denied for UserID: 1. Required permission 'can_view' not granted for menu '/setting/getrolemenus' (MenuID: 19). Roles: 1. Path: /setting/getrolemenus/1. (Permission checked on base menu for action path).
DEBUG - 2025-06-21 00:02:38 --> Session: Class initialized using 'CodeIgniter\Session\Handlers\FileHandler' driver.
DEBUG - 2025-06-21 00:06:24 --> Session: Class initialized using 'CodeIgniter\Session\Handlers\FileHandler' driver.
DEBUG - 2025-06-21 00:06:24 --> RBAC: Determined required permission for path '/setting/roles' is 'can_view'.
DEBUG - 2025-06-21 00:06:24 --> RBAC: Menu '/setting/roles' (ID: 10) found by exact match for path '/setting/roles'.
DEBUG - 2025-06-21 00:06:27 --> Session: Class initialized using 'CodeIgniter\Session\Handlers\FileHandler' driver.
DEBUG - 2025-06-21 00:06:27 --> RBAC: Determined required permission for path '/setting/getrolemenus/1' is 'can_view'.
DEBUG - 2025-06-21 00:06:27 --> RBAC: Exact path '/setting/getrolemenus/1' not found. Attempting to find base resource.
DEBUG - 2025-06-21 00:06:27 --> RBAC: Identified '/setting/getrolemenus/1' as potential action. Base resource path considered: /setting/getrolemenus.
DEBUG - 2025-06-21 00:06:27 --> RBAC: Found base menu '/setting/getrolemenus' (ID: 19) for action path '/setting/getrolemenus/1'. Authorization will use this base menu.
WARNING - 2025-06-21 00:06:27 --> RBAC: Access denied for UserID: 1. Required permission 'can_view' not granted for menu '/setting/getrolemenus' (MenuID: 19). Roles: 1. Path: /setting/getrolemenus/1. (Permission checked on base menu for action path).
DEBUG - 2025-06-21 00:06:28 --> Session: Class initialized using 'CodeIgniter\Session\Handlers\FileHandler' driver.
DEBUG - 2025-06-21 00:10:59 --> Session: Class initialized using 'CodeIgniter\Session\Handlers\FileHandler' driver.
DEBUG - 2025-06-21 00:10:59 --> RBAC: Determined required permission for path '/setting/roles' is 'can_view'.
DEBUG - 2025-06-21 00:10:59 --> RBAC: Menu '/setting/roles' (ID: 10) found by exact match for path '/setting/roles'.
DEBUG - 2025-06-21 00:11:01 --> Session: Class initialized using 'CodeIgniter\Session\Handlers\FileHandler' driver.
DEBUG - 2025-06-21 00:11:01 --> RBAC: Determined required permission for path '/setting/getrolemenus/1' is 'can_view'.
DEBUG - 2025-06-21 00:11:01 --> RBAC: Exact path '/setting/getrolemenus/1' not found. Attempting to find base resource.
DEBUG - 2025-06-21 00:11:01 --> RBAC: Identified '/setting/getrolemenus/1' as potential action. Base resource path considered: /setting/getrolemenus.
DEBUG - 2025-06-21 00:11:01 --> RBAC: Found base menu '/setting/getrolemenus' (ID: 19) for action path '/setting/getrolemenus/1'. Authorization will use this base menu.
WARNING - 2025-06-21 00:11:01 --> RBAC: Access denied for UserID: 1. Required permission 'can_view' not granted for menu '/setting/getrolemenus' (MenuID: 19). Roles: 1. Path: /setting/getrolemenus/1. (Permission checked on base menu for action path).
DEBUG - 2025-06-21 00:11:01 --> Session: Class initialized using 'CodeIgniter\Session\Handlers\FileHandler' driver.
DEBUG - 2025-06-21 00:11:11 --> Session: Class initialized using 'CodeIgniter\Session\Handlers\FileHandler' driver.
DEBUG - 2025-06-21 00:11:11 --> RBAC: Determined required permission for path '/setting/roles' is 'can_view'.
DEBUG - 2025-06-21 00:11:11 --> RBAC: Menu '/setting/roles' (ID: 10) found by exact match for path '/setting/roles'.
DEBUG - 2025-06-21 00:11:12 --> Session: Class initialized using 'CodeIgniter\Session\Handlers\FileHandler' driver.
DEBUG - 2025-06-21 00:11:14 --> Session: Class initialized using 'CodeIgniter\Session\Handlers\FileHandler' driver.
DEBUG - 2025-06-21 00:11:14 --> RBAC: Determined required permission for path '/setting/roles' is 'can_view'.
DEBUG - 2025-06-21 00:11:14 --> RBAC: Menu '/setting/roles' (ID: 10) found by exact match for path '/setting/roles'.
DEBUG - 2025-06-21 00:11:15 --> Session: Class initialized using 'CodeIgniter\Session\Handlers\FileHandler' driver.
DEBUG - 2025-06-21 00:11:15 --> RBAC: Determined required permission for path '/setting/getrolemenus/1' is 'can_view'.
DEBUG - 2025-06-21 00:11:15 --> RBAC: Exact path '/setting/getrolemenus/1' not found. Attempting to find base resource.
DEBUG - 2025-06-21 00:11:15 --> RBAC: Identified '/setting/getrolemenus/1' as potential action. Base resource path considered: /setting/getrolemenus.
DEBUG - 2025-06-21 00:11:15 --> RBAC: Found base menu '/setting/getrolemenus' (ID: 19) for action path '/setting/getrolemenus/1'. Authorization will use this base menu.
WARNING - 2025-06-21 00:11:15 --> RBAC: Access denied for UserID: 1. Required permission 'can_view' not granted for menu '/setting/getrolemenus' (MenuID: 19). Roles: 1. Path: /setting/getrolemenus/1. (Permission checked on base menu for action path).
DEBUG - 2025-06-21 00:11:15 --> Session: Class initialized using 'CodeIgniter\Session\Handlers\FileHandler' driver.
DEBUG - 2025-06-21 00:11:44 --> Session: Class initialized using 'CodeIgniter\Session\Handlers\FileHandler' driver.
DEBUG - 2025-06-21 00:11:44 --> RBAC: Determined required permission for path '/setting/getrolemenus/2' is 'can_view'.
DEBUG - 2025-06-21 00:11:44 --> RBAC: Exact path '/setting/getrolemenus/2' not found. Attempting to find base resource.
DEBUG - 2025-06-21 00:11:44 --> RBAC: Identified '/setting/getrolemenus/2' as potential action. Base resource path considered: /setting/getrolemenus.
DEBUG - 2025-06-21 00:11:44 --> RBAC: Found base menu '/setting/getrolemenus' (ID: 19) for action path '/setting/getrolemenus/2'. Authorization will use this base menu.
WARNING - 2025-06-21 00:11:44 --> RBAC: Access denied for UserID: 1. Required permission 'can_view' not granted for menu '/setting/getrolemenus' (MenuID: 19). Roles: 1. Path: /setting/getrolemenus/2. (Permission checked on base menu for action path).
DEBUG - 2025-06-21 00:11:44 --> Session: Class initialized using 'CodeIgniter\Session\Handlers\FileHandler' driver.
DEBUG - 2025-06-21 00:12:02 --> Session: Class initialized using 'CodeIgniter\Session\Handlers\FileHandler' driver.
DEBUG - 2025-06-21 00:12:02 --> RBAC: Determined required permission for path '/setting/roles' is 'can_view'.
DEBUG - 2025-06-21 00:12:02 --> RBAC: Menu '/setting/roles' (ID: 10) found by exact match for path '/setting/roles'.
DEBUG - 2025-06-21 00:24:26 --> Session: Class initialized using 'CodeIgniter\Session\Handlers\FileHandler' driver.
DEBUG - 2025-06-21 00:24:26 --> RBAC: Determined required permission for path '/setting/roles' is 'can_view'.
DEBUG - 2025-06-21 00:24:26 --> RBAC: Menu '/setting/roles' (ID: 10) found by exact match for path '/setting/roles'.
DEBUG - 2025-06-21 00:24:37 --> Session: Class initialized using 'CodeIgniter\Session\Handlers\FileHandler' driver.
DEBUG - 2025-06-21 00:24:37 --> RBAC: Determined required permission for path '/setting/getrolemenus/1' is 'can_view'.
DEBUG - 2025-06-21 00:24:37 --> RBAC: Exact path '/setting/getrolemenus/1' not found. Attempting to find base resource.
DEBUG - 2025-06-21 00:24:37 --> RBAC: Identified '/setting/getrolemenus/1' as potential action. Base resource path considered: /setting/getrolemenus.
DEBUG - 2025-06-21 00:24:37 --> RBAC: Found base menu '/setting/getrolemenus' (ID: 19) for action path '/setting/getrolemenus/1'. Authorization will use this base menu.
WARNING - 2025-06-21 00:24:37 --> RBAC: Access denied for UserID: 1. Required permission 'can_view' not granted for menu '/setting/getrolemenus' (MenuID: 19). Roles: 1. Path: /setting/getrolemenus/1. (Permission checked on base menu for action path).
DEBUG - 2025-06-21 00:24:38 --> Session: Class initialized using 'CodeIgniter\Session\Handlers\FileHandler' driver.
DEBUG - 2025-06-21 00:24:48 --> Session: Class initialized using 'CodeIgniter\Session\Handlers\FileHandler' driver.
DEBUG - 2025-06-21 00:24:48 --> RBAC: Determined required permission for path '/setting/roles' is 'can_view'.
DEBUG - 2025-06-21 00:24:48 --> RBAC: Menu '/setting/roles' (ID: 10) found by exact match for path '/setting/roles'.
DEBUG - 2025-06-21 00:24:49 --> Session: Class initialized using 'CodeIgniter\Session\Handlers\FileHandler' driver.
DEBUG - 2025-06-21 00:24:49 --> RBAC: Determined required permission for path '/setting/roles' is 'can_view'.
DEBUG - 2025-06-21 00:24:49 --> RBAC: Menu '/setting/roles' (ID: 10) found by exact match for path '/setting/roles'.
DEBUG - 2025-06-21 00:24:50 --> Session: Class initialized using 'CodeIgniter\Session\Handlers\FileHandler' driver.
DEBUG - 2025-06-21 00:24:50 --> RBAC: Determined required permission for path '/setting/roles' is 'can_view'.
DEBUG - 2025-06-21 00:24:50 --> RBAC: Menu '/setting/roles' (ID: 10) found by exact match for path '/setting/roles'.
DEBUG - 2025-06-21 00:24:59 --> Session: Class initialized using 'CodeIgniter\Session\Handlers\FileHandler' driver.
DEBUG - 2025-06-21 00:24:59 --> RBAC: Determined required permission for path '/setting/getrolemenus/1' is 'can_view'.
DEBUG - 2025-06-21 00:24:59 --> RBAC: Exact path '/setting/getrolemenus/1' not found. Attempting to find base resource.
DEBUG - 2025-06-21 00:24:59 --> RBAC: Identified '/setting/getrolemenus/1' as potential action. Base resource path considered: /setting/getrolemenus.
DEBUG - 2025-06-21 00:24:59 --> RBAC: Found base menu '/setting/getrolemenus' (ID: 19) for action path '/setting/getrolemenus/1'. Authorization will use this base menu.
WARNING - 2025-06-21 00:24:59 --> RBAC: Access denied for UserID: 1. Required permission 'can_view' not granted for menu '/setting/getrolemenus' (MenuID: 19). Roles: 1. Path: /setting/getrolemenus/1. (Permission checked on base menu for action path).
DEBUG - 2025-06-21 00:24:59 --> Session: Class initialized using 'CodeIgniter\Session\Handlers\FileHandler' driver.
DEBUG - 2025-06-21 00:26:50 --> Session: Class initialized using 'CodeIgniter\Session\Handlers\FileHandler' driver.
DEBUG - 2025-06-21 00:26:50 --> RBAC: Determined required permission for path '/setting/roles' is 'can_view'.
DEBUG - 2025-06-21 00:26:50 --> RBAC: Menu '/setting/roles' (ID: 10) found by exact match for path '/setting/roles'.
DEBUG - 2025-06-21 22:29:55 --> Session: Class initialized using 'CodeIgniter\Session\Handlers\FileHandler' driver.
DEBUG - 2025-06-21 22:29:56 --> Session: Class initialized using 'CodeIgniter\Session\Handlers\FileHandler' driver.
INFO - 2025-06-21 22:30:33 --> CSRF token verified.
DEBUG - 2025-06-21 22:30:33 --> Session: Class initialized using 'CodeIgniter\Session\Handlers\FileHandler' driver.
DEBUG - 2025-06-21 22:30:34 --> Session: Class initialized using 'CodeIgniter\Session\Handlers\FileHandler' driver.
DEBUG - 2025-06-21 22:30:36 --> Session: Class initialized using 'CodeIgniter\Session\Handlers\FileHandler' driver.
DEBUG - 2025-06-21 22:30:36 --> RBAC: Determined required permission for path '/password/change' is 'can_view'.
DEBUG - 2025-06-21 22:30:36 --> RBAC: Menu '/password/change' (ID: 13) found by exact match for path '/password/change'.
WARNING - 2025-06-21 22:30:36 --> RBAC: Access denied for UserID: 1. Required permission 'can_view' not granted for menu '/password/change' (MenuID: 13). Roles: 1. Path: /password/change.
DEBUG - 2025-06-21 22:30:37 --> Session: Class initialized using 'CodeIgniter\Session\Handlers\FileHandler' driver.
DEBUG - 2025-06-21 22:30:38 --> Session: Class initialized using 'CodeIgniter\Session\Handlers\FileHandler' driver.
DEBUG - 2025-06-21 22:30:38 --> RBAC: Determined required permission for path '/password/change' is 'can_view'.
DEBUG - 2025-06-21 22:30:38 --> RBAC: Menu '/password/change' (ID: 13) found by exact match for path '/password/change'.
WARNING - 2025-06-21 22:30:38 --> RBAC: Access denied for UserID: 1. Required permission 'can_view' not granted for menu '/password/change' (MenuID: 13). Roles: 1. Path: /password/change.
DEBUG - 2025-06-21 22:30:38 --> Session: Class initialized using 'CodeIgniter\Session\Handlers\FileHandler' driver.
DEBUG - 2025-06-21 22:30:39 --> Session: Class initialized using 'CodeIgniter\Session\Handlers\FileHandler' driver.
DEBUG - 2025-06-21 22:30:39 --> RBAC: Determined required permission for path '/password/change' is 'can_view'.
DEBUG - 2025-06-21 22:30:39 --> RBAC: Menu '/password/change' (ID: 13) found by exact match for path '/password/change'.
WARNING - 2025-06-21 22:30:39 --> RBAC: Access denied for UserID: 1. Required permission 'can_view' not granted for menu '/password/change' (MenuID: 13). Roles: 1. Path: /password/change.
DEBUG - 2025-06-21 22:30:40 --> Session: Class initialized using 'CodeIgniter\Session\Handlers\FileHandler' driver.
DEBUG - 2025-06-21 22:35:42 --> Session: Class initialized using 'CodeIgniter\Session\Handlers\FileHandler' driver.
DEBUG - 2025-06-21 22:35:43 --> Session: Class initialized using 'CodeIgniter\Session\Handlers\FileHandler' driver.
DEBUG - 2025-06-21 22:35:43 --> RBAC: Path '/password/change' is in the exclusion list. Bypassing permission check.
DEBUG - 2025-06-21 22:35:45 --> Session: Class initialized using 'CodeIgniter\Session\Handlers\FileHandler' driver.
DEBUG - 2025-06-21 22:35:45 --> RBAC: Determined required permission for path '/setting/menu' is 'can_view'.
DEBUG - 2025-06-21 22:35:45 --> RBAC: Menu '/setting/menu' (ID: 6) found by exact match for path '/setting/menu'.
DEBUG - 2025-06-21 22:35:47 --> Session: Class initialized using 'CodeIgniter\Session\Handlers\FileHandler' driver.
DEBUG - 2025-06-21 22:35:47 --> RBAC: Determined required permission for path '/setting/roles' is 'can_view'.
DEBUG - 2025-06-21 22:35:47 --> RBAC: Menu '/setting/roles' (ID: 10) found by exact match for path '/setting/roles'.
DEBUG - 2025-06-21 22:35:48 --> Session: Class initialized using 'CodeIgniter\Session\Handlers\FileHandler' driver.
DEBUG - 2025-06-21 22:35:48 --> RBAC: Determined required permission for path '/setting/users' is 'can_view'.
DEBUG - 2025-06-21 22:35:48 --> RBAC: Menu '/setting/users' (ID: 12) found by exact match for path '/setting/users'.
DEBUG - 2025-06-21 22:35:49 --> Session: Class initialized using 'CodeIgniter\Session\Handlers\FileHandler' driver.
DEBUG - 2025-06-21 22:35:49 --> RBAC: Determined required permission for path '/setting/roles' is 'can_view'.
DEBUG - 2025-06-21 22:35:49 --> RBAC: Menu '/setting/roles' (ID: 10) found by exact match for path '/setting/roles'.
DEBUG - 2025-06-21 22:35:51 --> Session: Class initialized using 'CodeIgniter\Session\Handlers\FileHandler' driver.
DEBUG - 2025-06-21 22:35:51 --> RBAC: Determined required permission for path '/setting/menu' is 'can_view'.
DEBUG - 2025-06-21 22:35:51 --> RBAC: Menu '/setting/menu' (ID: 6) found by exact match for path '/setting/menu'.
DEBUG - 2025-06-21 22:35:55 --> Session: Class initialized using 'CodeIgniter\Session\Handlers\FileHandler' driver.
DEBUG - 2025-06-21 22:35:55 --> RBAC: Path '/password/change' is in the exclusion list. Bypassing permission check.
DEBUG - 2025-06-21 22:36:23 --> Session: Class initialized using 'CodeIgniter\Session\Handlers\FileHandler' driver.
DEBUG - 2025-06-21 22:36:23 --> RBAC: Path '/password/change' is in the exclusion list. Bypassing permission check.
DEBUG - 2025-06-21 22:37:12 --> Session: Class initialized using 'CodeIgniter\Session\Handlers\FileHandler' driver.
DEBUG - 2025-06-21 22:37:12 --> RBAC: Determined required permission for path '/setting/roles' is 'can_view'.
DEBUG - 2025-06-21 22:37:12 --> RBAC: Menu '/setting/roles' (ID: 10) found by exact match for path '/setting/roles'.
DEBUG - 2025-06-21 22:37:14 --> Session: Class initialized using 'CodeIgniter\Session\Handlers\FileHandler' driver.
DEBUG - 2025-06-21 22:37:14 --> RBAC: Determined required permission for path '/setting/users' is 'can_view'.
DEBUG - 2025-06-21 22:37:14 --> RBAC: Menu '/setting/users' (ID: 12) found by exact match for path '/setting/users'.
DEBUG - 2025-06-21 22:37:15 --> Session: Class initialized using 'CodeIgniter\Session\Handlers\FileHandler' driver.
DEBUG - 2025-06-21 22:37:15 --> RBAC: Determined required permission for path '/setting/roles' is 'can_view'.
DEBUG - 2025-06-21 22:37:15 --> RBAC: Menu '/setting/roles' (ID: 10) found by exact match for path '/setting/roles'.
DEBUG - 2025-06-21 22:37:16 --> Session: Class initialized using 'CodeIgniter\Session\Handlers\FileHandler' driver.
DEBUG - 2025-06-21 22:37:16 --> RBAC: Determined required permission for path '/setting/getrolemenus/1' is 'can_view'.
DEBUG - 2025-06-21 22:37:16 --> RBAC: Exact path '/setting/getrolemenus/1' not found. Attempting to find base resource.
DEBUG - 2025-06-21 22:37:16 --> RBAC: Identified '/setting/getrolemenus/1' as potential action. Base resource path considered: /setting/getrolemenus.
DEBUG - 2025-06-21 22:37:16 --> RBAC: Found base menu '/setting/getrolemenus' (ID: 19) for action path '/setting/getrolemenus/1'. Authorization will use this base menu.
WARNING - 2025-06-21 22:37:16 --> RBAC: Access denied for UserID: 1. Required permission 'can_view' not granted for menu '/setting/getrolemenus' (MenuID: 19). Roles: 1. Path: /setting/getrolemenus/1. (Permission checked on base menu for action path).
DEBUG - 2025-06-21 22:37:16 --> Session: Class initialized using 'CodeIgniter\Session\Handlers\FileHandler' driver.
DEBUG - 2025-06-21 22:38:04 --> Session: Class initialized using 'CodeIgniter\Session\Handlers\FileHandler' driver.
DEBUG - 2025-06-21 22:38:04 --> RBAC: Path '/password/change' is in the exclusion list. Bypassing permission check.
CRITICAL - 2025-06-21 22:38:13 --> CodeIgniter\Security\Exceptions\SecurityException: The action you requested is not allowed.
[Method: POST, Route: password/checkoldpassword]
in SYSTEMPATH\Security\Security.php on line 262.
 1 SYSTEMPATH\Security\Security.php(262): CodeIgniter\Security\Exceptions\SecurityException::forDisallowedAction()
 2 SYSTEMPATH\Filters\CSRF.php(52): CodeIgniter\Security\Security->verify(Object(CodeIgniter\HTTP\IncomingRequest))
 3 SYSTEMPATH\Filters\Filters.php(241): CodeIgniter\Filters\CSRF->before(Object(CodeIgniter\HTTP\IncomingRequest), null)
 4 SYSTEMPATH\Filters\Filters.php(221): CodeIgniter\Filters\Filters->runBefore([...])
 5 SYSTEMPATH\CodeIgniter.php(479): CodeIgniter\Filters\Filters->run('password/checkoldpassword', 'before')
 6 SYSTEMPATH\CodeIgniter.php(354): CodeIgniter\CodeIgniter->handleRequest(null, Object(Config\Cache), false)
 7 SYSTEMPATH\Boot.php(334): CodeIgniter\CodeIgniter->run()
 8 SYSTEMPATH\Boot.php(67): CodeIgniter\Boot::runCodeIgniter(Object(CodeIgniter\CodeIgniter))
 9 FCPATH\index.php(59): CodeIgniter\Boot::bootWeb(Object(Config\Paths))
INFO - 2025-06-21 22:38:18 --> CSRF token verified.
DEBUG - 2025-06-21 22:38:18 --> Session: Class initialized using 'CodeIgniter\Session\Handlers\FileHandler' driver.
DEBUG - 2025-06-21 22:38:18 --> RBAC: Determined required permission for path '/password/update' is 'can_update'.
DEBUG - 2025-06-21 22:38:18 --> RBAC: Exact path '/password/update' not found. Attempting to find base resource.
DEBUG - 2025-06-21 22:38:18 --> RBAC: Path '/password/update' (segments: 2) not identified as a standard action path for base resource fallback.
ERROR - 2025-06-21 22:38:18 --> RBAC: No menu entry found for authorization. UserID: 1. Path: /password/update. Lookup attempts: currentPath (/password/update).
DEBUG - 2025-06-21 22:38:18 --> Session: Class initialized using 'CodeIgniter\Session\Handlers\FileHandler' driver.
DEBUG - 2025-06-21 22:38:35 --> Session: Class initialized using 'CodeIgniter\Session\Handlers\FileHandler' driver.
DEBUG - 2025-06-21 22:38:37 --> Session: Class initialized using 'CodeIgniter\Session\Handlers\FileHandler' driver.
DEBUG - 2025-06-21 22:38:37 --> RBAC: Path '/password/change' is in the exclusion list. Bypassing permission check.
DEBUG - 2025-06-21 22:39:29 --> Session: Class initialized using 'CodeIgniter\Session\Handlers\FileHandler' driver.
DEBUG - 2025-06-21 22:39:29 --> RBAC: Path '/password/change' is in the exclusion list. Bypassing permission check.
CRITICAL - 2025-06-21 22:39:33 --> CodeIgniter\Security\Exceptions\SecurityException: The action you requested is not allowed.
[Method: POST, Route: password/checkoldpassword]
in SYSTEMPATH\Security\Security.php on line 262.
 1 SYSTEMPATH\Security\Security.php(262): CodeIgniter\Security\Exceptions\SecurityException::forDisallowedAction()
 2 SYSTEMPATH\Filters\CSRF.php(52): CodeIgniter\Security\Security->verify(Object(CodeIgniter\HTTP\IncomingRequest))
 3 SYSTEMPATH\Filters\Filters.php(241): CodeIgniter\Filters\CSRF->before(Object(CodeIgniter\HTTP\IncomingRequest), null)
 4 SYSTEMPATH\Filters\Filters.php(221): CodeIgniter\Filters\Filters->runBefore([...])
 5 SYSTEMPATH\CodeIgniter.php(479): CodeIgniter\Filters\Filters->run('password/checkoldpassword', 'before')
 6 SYSTEMPATH\CodeIgniter.php(354): CodeIgniter\CodeIgniter->handleRequest(null, Object(Config\Cache), false)
 7 SYSTEMPATH\Boot.php(334): CodeIgniter\CodeIgniter->run()
 8 SYSTEMPATH\Boot.php(67): CodeIgniter\Boot::runCodeIgniter(Object(CodeIgniter\CodeIgniter))
 9 FCPATH\index.php(59): CodeIgniter\Boot::bootWeb(Object(Config\Paths))
INFO - 2025-06-21 22:39:36 --> CSRF token verified.
DEBUG - 2025-06-21 22:39:36 --> Session: Class initialized using 'CodeIgniter\Session\Handlers\FileHandler' driver.
DEBUG - 2025-06-21 22:39:36 --> RBAC: Path '/password/update' is in the exclusion list. Bypassing permission check.
DEBUG - 2025-06-21 22:39:37 --> Session: Class initialized using 'CodeIgniter\Session\Handlers\FileHandler' driver.
DEBUG - 2025-06-21 22:39:37 --> RBAC: Path '/password/change' is in the exclusion list. Bypassing permission check.
DEBUG - 2025-06-21 22:39:44 --> Session: Class initialized using 'CodeIgniter\Session\Handlers\FileHandler' driver.
DEBUG - 2025-06-21 22:39:45 --> Session: Class initialized using 'CodeIgniter\Session\Handlers\FileHandler' driver.
DEBUG - 2025-06-21 22:39:45 --> Session: Class initialized using 'CodeIgniter\Session\Handlers\FileHandler' driver.
INFO - 2025-06-21 22:39:50 --> CSRF token verified.
DEBUG - 2025-06-21 22:39:50 --> Session: Class initialized using 'CodeIgniter\Session\Handlers\FileHandler' driver.
DEBUG - 2025-06-21 22:39:51 --> Session: Class initialized using 'CodeIgniter\Session\Handlers\FileHandler' driver.
INFO - 2025-06-21 22:39:56 --> CSRF token verified.
DEBUG - 2025-06-21 22:39:56 --> Session: Class initialized using 'CodeIgniter\Session\Handlers\FileHandler' driver.
DEBUG - 2025-06-21 22:39:56 --> Session: Class initialized using 'CodeIgniter\Session\Handlers\FileHandler' driver.
INFO - 2025-06-21 22:40:00 --> CSRF token verified.
DEBUG - 2025-06-21 22:40:00 --> Session: Class initialized using 'CodeIgniter\Session\Handlers\FileHandler' driver.
DEBUG - 2025-06-21 22:40:01 --> Session: Class initialized using 'CodeIgniter\Session\Handlers\FileHandler' driver.
DEBUG - 2025-06-21 22:40:04 --> Session: Class initialized using 'CodeIgniter\Session\Handlers\FileHandler' driver.
DEBUG - 2025-06-21 22:40:04 --> RBAC: Path '/password/change' is in the exclusion list. Bypassing permission check.
CRITICAL - 2025-06-21 22:40:08 --> CodeIgniter\Security\Exceptions\SecurityException: The action you requested is not allowed.
[Method: POST, Route: password/checkoldpassword]
in SYSTEMPATH\Security\Security.php on line 262.
 1 SYSTEMPATH\Security\Security.php(262): CodeIgniter\Security\Exceptions\SecurityException::forDisallowedAction()
 2 SYSTEMPATH\Filters\CSRF.php(52): CodeIgniter\Security\Security->verify(Object(CodeIgniter\HTTP\IncomingRequest))
 3 SYSTEMPATH\Filters\Filters.php(241): CodeIgniter\Filters\CSRF->before(Object(CodeIgniter\HTTP\IncomingRequest), null)
 4 SYSTEMPATH\Filters\Filters.php(221): CodeIgniter\Filters\Filters->runBefore([...])
 5 SYSTEMPATH\CodeIgniter.php(479): CodeIgniter\Filters\Filters->run('password/checkoldpassword', 'before')
 6 SYSTEMPATH\CodeIgniter.php(354): CodeIgniter\CodeIgniter->handleRequest(null, Object(Config\Cache), false)
 7 SYSTEMPATH\Boot.php(334): CodeIgniter\CodeIgniter->run()
 8 SYSTEMPATH\Boot.php(67): CodeIgniter\Boot::runCodeIgniter(Object(CodeIgniter\CodeIgniter))
 9 FCPATH\index.php(59): CodeIgniter\Boot::bootWeb(Object(Config\Paths))
INFO - 2025-06-21 22:40:11 --> CSRF token verified.
DEBUG - 2025-06-21 22:40:11 --> Session: Class initialized using 'CodeIgniter\Session\Handlers\FileHandler' driver.
DEBUG - 2025-06-21 22:40:11 --> RBAC: Path '/password/update' is in the exclusion list. Bypassing permission check.
DEBUG - 2025-06-21 22:40:11 --> Session: Class initialized using 'CodeIgniter\Session\Handlers\FileHandler' driver.
DEBUG - 2025-06-21 22:40:11 --> RBAC: Path '/password/change' is in the exclusion list. Bypassing permission check.
DEBUG - 2025-06-21 22:40:14 --> Session: Class initialized using 'CodeIgniter\Session\Handlers\FileHandler' driver.
DEBUG - 2025-06-21 22:40:14 --> RBAC: Determined required permission for path '/setting/menu' is 'can_view'.
DEBUG - 2025-06-21 22:40:14 --> RBAC: Menu '/setting/menu' (ID: 6) found by exact match for path '/setting/menu'.
DEBUG - 2025-06-21 22:41:16 --> Session: Class initialized using 'CodeIgniter\Session\Handlers\FileHandler' driver.
DEBUG - 2025-06-21 22:41:16 --> RBAC: Determined required permission for path '/setting/deletemenu/23' is 'can_delete'.
DEBUG - 2025-06-21 22:41:16 --> RBAC: Exact path '/setting/deletemenu/23' not found. Attempting to find base resource.
DEBUG - 2025-06-21 22:41:16 --> RBAC: Identified '/setting/deletemenu/23' as potential action. Base resource path considered: /setting/deletemenu.
DEBUG - 2025-06-21 22:41:16 --> RBAC: Found base menu '/setting/deletemenu' (ID: 15) for action path '/setting/deletemenu/23'. Authorization will use this base menu.
WARNING - 2025-06-21 22:41:16 --> RBAC: Access denied for UserID: 1. Required permission 'can_delete' not granted for menu '/setting/deletemenu' (MenuID: 15). Roles: 1. Path: /setting/deletemenu/23. (Permission checked on base menu for action path).
DEBUG - 2025-06-21 22:41:16 --> Session: Class initialized using 'CodeIgniter\Session\Handlers\FileHandler' driver.
DEBUG - 2025-06-21 22:41:29 --> Session: Class initialized using 'CodeIgniter\Session\Handlers\FileHandler' driver.
DEBUG - 2025-06-21 22:41:29 --> RBAC: Determined required permission for path '/setting/menu' is 'can_view'.
DEBUG - 2025-06-21 22:41:29 --> RBAC: Menu '/setting/menu' (ID: 6) found by exact match for path '/setting/menu'.
DEBUG - 2025-06-21 22:52:17 --> Session: Class initialized using 'CodeIgniter\Session\Handlers\FileHandler' driver.
DEBUG - 2025-06-21 22:52:17 --> RBAC: Access granted for UserID: 1. User has Super Admin role.
DEBUG - 2025-06-21 22:52:19 --> Session: Class initialized using 'CodeIgniter\Session\Handlers\FileHandler' driver.
DEBUG - 2025-06-21 22:52:19 --> RBAC: Access granted for UserID: 1. User has Super Admin role.
DEBUG - 2025-06-21 22:52:33 --> Session: Class initialized using 'CodeIgniter\Session\Handlers\FileHandler' driver.
DEBUG - 2025-06-21 22:52:33 --> RBAC: Access granted for UserID: 1. User has Super Admin role.
DEBUG - 2025-06-21 22:52:33 --> Session: Class initialized using 'CodeIgniter\Session\Handlers\FileHandler' driver.
DEBUG - 2025-06-21 22:52:33 --> RBAC: Access granted for UserID: 1. User has Super Admin role.
DEBUG - 2025-06-21 22:53:43 --> Session: Class initialized using 'CodeIgniter\Session\Handlers\FileHandler' driver.
DEBUG - 2025-06-21 22:53:43 --> RBAC: Access granted for UserID: 1. User has Super Admin role.
DEBUG - 2025-06-21 22:53:44 --> Session: Class initialized using 'CodeIgniter\Session\Handlers\FileHandler' driver.
DEBUG - 2025-06-21 22:53:44 --> RBAC: Access granted for UserID: 1. User has Super Admin role.
INFO - 2025-06-21 22:56:24 --> CSRF token verified.
DEBUG - 2025-06-21 22:56:24 --> Session: Class initialized using 'CodeIgniter\Session\Handlers\FileHandler' driver.
DEBUG - 2025-06-21 22:56:24 --> RBAC: Access granted for UserID: 1. User has Super Admin role.
CRITICAL - 2025-06-21 22:56:24 --> CodeIgniter\Exceptions\LogicException: No validation rules for the placeholder: "id". You must set the validation rules for the field. See <https://codeigniter4.github.io/userguide/libraries/validation.html#validation-placeholders>.
[Method: POST, Route: setting/users/save]
in SYSTEMPATH\Validation\Validation.php on line 803.
 1 SYSTEMPATH\Validation\Validation.php(155): CodeIgniter\Validation\Validation->fillPlaceholders([...], [...])
 2 SYSTEMPATH\Controller.php(138): CodeIgniter\Validation\Validation->run()
 3 APPPATH\Controllers\UserController.php(43): CodeIgniter\Controller->validate([...])
 4 SYSTEMPATH\CodeIgniter.php(933): App\Controllers\UserController->save()
 5 SYSTEMPATH\CodeIgniter.php(507): CodeIgniter\CodeIgniter->runController(Object(App\Controllers\UserController))
 6 SYSTEMPATH\CodeIgniter.php(354): CodeIgniter\CodeIgniter->handleRequest(null, Object(Config\Cache), false)
 7 SYSTEMPATH\Boot.php(334): CodeIgniter\CodeIgniter->run()
 8 SYSTEMPATH\Boot.php(67): CodeIgniter\Boot::runCodeIgniter(Object(CodeIgniter\CodeIgniter))
 9 FCPATH\index.php(59): CodeIgniter\Boot::bootWeb(Object(Config\Paths))
DEBUG - 2025-06-21 22:56:43 --> Session: Class initialized using 'CodeIgniter\Session\Handlers\FileHandler' driver.
DEBUG - 2025-06-21 22:56:43 --> RBAC: Access granted for UserID: 1. User has Super Admin role.
DEBUG - 2025-06-21 22:56:44 --> Session: Class initialized using 'CodeIgniter\Session\Handlers\FileHandler' driver.
DEBUG - 2025-06-21 22:56:44 --> RBAC: Access granted for UserID: 1. User has Super Admin role.
DEBUG - 2025-06-21 23:20:30 --> Session: Class initialized using 'CodeIgniter\Session\Handlers\FileHandler' driver.
DEBUG - 2025-06-21 23:20:30 --> RBAC: Access granted for UserID: 1. User has Super Admin role.
CRITICAL - 2025-06-21 23:20:30 --> ErrorException: Namespace declaration statement has to be the very first statement or after any declare call in the script
[Method: GET, Route: setting/users]
in APPPATH\Models\UserModel.php on line 4.
 1 [internal function]: CodeIgniter\Debug\Exceptions->shutdownHandler()
DEBUG - 2025-06-21 23:22:11 --> Session: Class initialized using 'CodeIgniter\Session\Handlers\FileHandler' driver.
DEBUG - 2025-06-21 23:22:11 --> RBAC: Access granted for UserID: 1. User has Super Admin role.
CRITICAL - 2025-06-21 23:22:11 --> ErrorException: Namespace declaration statement has to be the very first statement or after any declare call in the script
[Method: GET, Route: setting/users]
in APPPATH\Models\UserModel.php on line 4.
 1 [internal function]: CodeIgniter\Debug\Exceptions->shutdownHandler()
DEBUG - 2025-06-21 23:22:12 --> Session: Class initialized using 'CodeIgniter\Session\Handlers\FileHandler' driver.
DEBUG - 2025-06-21 23:22:12 --> RBAC: Access granted for UserID: 1. User has Super Admin role.
CRITICAL - 2025-06-21 23:22:12 --> ErrorException: Namespace declaration statement has to be the very first statement or after any declare call in the script
[Method: GET, Route: setting/users]
in APPPATH\Models\UserModel.php on line 4.
 1 [internal function]: CodeIgniter\Debug\Exceptions->shutdownHandler()
DEBUG - 2025-06-21 23:22:25 --> Session: Class initialized using 'CodeIgniter\Session\Handlers\FileHandler' driver.
DEBUG - 2025-06-21 23:22:25 --> RBAC: Access granted for UserID: 1. User has Super Admin role.
ERROR - 2025-06-21 23:22:25 --> mysqli_sql_exception: Table 'gas.user_roles' doesn't exist in C:\laragon\www\GAS\system\Database\MySQLi\Connection.php:327
Stack trace:
#0 C:\laragon\www\GAS\system\Database\MySQLi\Connection.php(327): mysqli->query('SELECT `users`....', 0)
#1 C:\laragon\www\GAS\system\Database\BaseConnection.php(738): CodeIgniter\Database\MySQLi\Connection->execute('SELECT `users`....')
#2 C:\laragon\www\GAS\system\Database\BaseConnection.php(652): CodeIgniter\Database\BaseConnection->simpleQuery('SELECT `users`....')
#3 C:\laragon\www\GAS\system\Database\BaseBuilder.php(1649): CodeIgniter\Database\BaseConnection->query('SELECT `users`....', Array, false)
#4 C:\laragon\www\GAS\system\Model.php(286): CodeIgniter\Database\BaseBuilder->get()
#5 C:\laragon\www\GAS\system\BaseModel.php(679): CodeIgniter\Model->doFindAll(0, 0)
#6 C:\laragon\www\GAS\app\Controllers\UserController.php(23): CodeIgniter\BaseModel->findAll()
#7 C:\laragon\www\GAS\system\CodeIgniter.php(933): App\Controllers\UserController->index()
#8 C:\laragon\www\GAS\system\CodeIgniter.php(507): CodeIgniter\CodeIgniter->runController(Object(App\Controllers\UserController))
#9 C:\laragon\www\GAS\system\CodeIgniter.php(354): CodeIgniter\CodeIgniter->handleRequest(NULL, Object(Config\Cache), false)
#10 C:\laragon\www\GAS\system\Boot.php(334): CodeIgniter\CodeIgniter->run()
#11 C:\laragon\www\GAS\system\Boot.php(67): CodeIgniter\Boot::runCodeIgniter(Object(CodeIgniter\CodeIgniter))
#12 C:\laragon\www\GAS\public\index.php(59): CodeIgniter\Boot::bootWeb(Object(Config\Paths))
#13 {main}
CRITICAL - 2025-06-21 23:22:25 --> CodeIgniter\Database\Exceptions\DatabaseException: Table 'gas.user_roles' doesn't exist
[Method: GET, Route: setting/users]
in SYSTEMPATH\Database\BaseConnection.php on line 692.
 1 SYSTEMPATH\Database\BaseBuilder.php(1649): CodeIgniter\Database\BaseConnection->query('SELECT `users`.`id`, `users`.`username`, `users`.`email`, `users`.`name` AS `nama_lengkap`, `users`.`is_active`, GROUP_CONCAT(roles.name SEPARATOR ", ") as roles
FROM `users`
LEFT JOIN `user_roles` ON `user_roles`.`user_id` = `users`.`id`
LEFT JOIN `roles` ON `roles`.`id` = `user_roles`.`role_id`
GROUP BY `users`.`id`', [], false)
 2 SYSTEMPATH\Model.php(286): CodeIgniter\Database\BaseBuilder->get()
 3 SYSTEMPATH\BaseModel.php(679): CodeIgniter\Model->doFindAll(0, 0)
 4 APPPATH\Controllers\UserController.php(23): CodeIgniter\BaseModel->findAll()
 5 SYSTEMPATH\CodeIgniter.php(933): App\Controllers\UserController->index()
 6 SYSTEMPATH\CodeIgniter.php(507): CodeIgniter\CodeIgniter->runController(Object(App\Controllers\UserController))
 7 SYSTEMPATH\CodeIgniter.php(354): CodeIgniter\CodeIgniter->handleRequest(null, Object(Config\Cache), false)
 8 SYSTEMPATH\Boot.php(334): CodeIgniter\CodeIgniter->run()
 9 SYSTEMPATH\Boot.php(67): CodeIgniter\Boot::runCodeIgniter(Object(CodeIgniter\CodeIgniter))
10 FCPATH\index.php(59): CodeIgniter\Boot::bootWeb(Object(Config\Paths))
CRITICAL - 2025-06-21 23:22:25 --> [Caused by] CodeIgniter\Database\Exceptions\DatabaseException: Table 'gas.user_roles' doesn't exist
in SYSTEMPATH\Database\MySQLi\Connection.php on line 332.
 1 SYSTEMPATH\Database\BaseConnection.php(738): CodeIgniter\Database\MySQLi\Connection->execute('SELECT `users`.`id`, `users`.`username`, `users`.`email`, `users`.`name` AS `nama_lengkap`, `users`.`is_active`, GROUP_CONCAT(roles.name SEPARATOR ", ") as roles
FROM `users`
LEFT JOIN `user_roles` ON `user_roles`.`user_id` = `users`.`id`
LEFT JOIN `roles` ON `roles`.`id` = `user_roles`.`role_id`
GROUP BY `users`.`id`')
 2 SYSTEMPATH\Database\BaseConnection.php(652): CodeIgniter\Database\BaseConnection->simpleQuery('SELECT `users`.`id`, `users`.`username`, `users`.`email`, `users`.`name` AS `nama_lengkap`, `users`.`is_active`, GROUP_CONCAT(roles.name SEPARATOR ", ") as roles
FROM `users`
LEFT JOIN `user_roles` ON `user_roles`.`user_id` = `users`.`id`
LEFT JOIN `roles` ON `roles`.`id` = `user_roles`.`role_id`
GROUP BY `users`.`id`')
 3 SYSTEMPATH\Database\BaseBuilder.php(1649): CodeIgniter\Database\BaseConnection->query('SELECT `users`.`id`, `users`.`username`, `users`.`email`, `users`.`name` AS `nama_lengkap`, `users`.`is_active`, GROUP_CONCAT(roles.name SEPARATOR ", ") as roles
FROM `users`
LEFT JOIN `user_roles` ON `user_roles`.`user_id` = `users`.`id`
LEFT JOIN `roles` ON `roles`.`id` = `user_roles`.`role_id`
GROUP BY `users`.`id`', [], false)
 4 SYSTEMPATH\Model.php(286): CodeIgniter\Database\BaseBuilder->get()
 5 SYSTEMPATH\BaseModel.php(679): CodeIgniter\Model->doFindAll(0, 0)
 6 APPPATH\Controllers\UserController.php(23): CodeIgniter\BaseModel->findAll()
 7 SYSTEMPATH\CodeIgniter.php(933): App\Controllers\UserController->index()
 8 SYSTEMPATH\CodeIgniter.php(507): CodeIgniter\CodeIgniter->runController(Object(App\Controllers\UserController))
 9 SYSTEMPATH\CodeIgniter.php(354): CodeIgniter\CodeIgniter->handleRequest(null, Object(Config\Cache), false)
10 SYSTEMPATH\Boot.php(334): CodeIgniter\CodeIgniter->run()
11 SYSTEMPATH\Boot.php(67): CodeIgniter\Boot::runCodeIgniter(Object(CodeIgniter\CodeIgniter))
12 FCPATH\index.php(59): CodeIgniter\Boot::bootWeb(Object(Config\Paths))
CRITICAL - 2025-06-21 23:22:25 --> [Caused by] mysqli_sql_exception: Table 'gas.user_roles' doesn't exist
in SYSTEMPATH\Database\MySQLi\Connection.php on line 327.
 1 SYSTEMPATH\Database\MySQLi\Connection.php(327): mysqli->query('SELECT `users`.`id`, `users`.`username`, `users`.`email`, `users`.`name` AS `nama_lengkap`, `users`.`is_active`, GROUP_CONCAT(roles.name SEPARATOR ", ") as roles
FROM `users`
LEFT JOIN `user_roles` ON `user_roles`.`user_id` = `users`.`id`
LEFT JOIN `roles` ON `roles`.`id` = `user_roles`.`role_id`
GROUP BY `users`.`id`', 0)
 2 SYSTEMPATH\Database\BaseConnection.php(738): CodeIgniter\Database\MySQLi\Connection->execute('SELECT `users`.`id`, `users`.`username`, `users`.`email`, `users`.`name` AS `nama_lengkap`, `users`.`is_active`, GROUP_CONCAT(roles.name SEPARATOR ", ") as roles
FROM `users`
LEFT JOIN `user_roles` ON `user_roles`.`user_id` = `users`.`id`
LEFT JOIN `roles` ON `roles`.`id` = `user_roles`.`role_id`
GROUP BY `users`.`id`')
 3 SYSTEMPATH\Database\BaseConnection.php(652): CodeIgniter\Database\BaseConnection->simpleQuery('SELECT `users`.`id`, `users`.`username`, `users`.`email`, `users`.`name` AS `nama_lengkap`, `users`.`is_active`, GROUP_CONCAT(roles.name SEPARATOR ", ") as roles
FROM `users`
LEFT JOIN `user_roles` ON `user_roles`.`user_id` = `users`.`id`
LEFT JOIN `roles` ON `roles`.`id` = `user_roles`.`role_id`
GROUP BY `users`.`id`')
 4 SYSTEMPATH\Database\BaseBuilder.php(1649): CodeIgniter\Database\BaseConnection->query('SELECT `users`.`id`, `users`.`username`, `users`.`email`, `users`.`name` AS `nama_lengkap`, `users`.`is_active`, GROUP_CONCAT(roles.name SEPARATOR ", ") as roles
FROM `users`
LEFT JOIN `user_roles` ON `user_roles`.`user_id` = `users`.`id`
LEFT JOIN `roles` ON `roles`.`id` = `user_roles`.`role_id`
GROUP BY `users`.`id`', [], false)
 5 SYSTEMPATH\Model.php(286): CodeIgniter\Database\BaseBuilder->get()
 6 SYSTEMPATH\BaseModel.php(679): CodeIgniter\Model->doFindAll(0, 0)
 7 APPPATH\Controllers\UserController.php(23): CodeIgniter\BaseModel->findAll()
 8 SYSTEMPATH\CodeIgniter.php(933): App\Controllers\UserController->index()
 9 SYSTEMPATH\CodeIgniter.php(507): CodeIgniter\CodeIgniter->runController(Object(App\Controllers\UserController))
10 SYSTEMPATH\CodeIgniter.php(354): CodeIgniter\CodeIgniter->handleRequest(null, Object(Config\Cache), false)
11 SYSTEMPATH\Boot.php(334): CodeIgniter\CodeIgniter->run()
12 SYSTEMPATH\Boot.php(67): CodeIgniter\Boot::runCodeIgniter(Object(CodeIgniter\CodeIgniter))
13 FCPATH\index.php(59): CodeIgniter\Boot::bootWeb(Object(Config\Paths))
DEBUG - 2025-06-21 23:22:35 --> Session: Class initialized using 'CodeIgniter\Session\Handlers\FileHandler' driver.
DEBUG - 2025-06-21 23:22:35 --> RBAC: Access granted for UserID: 1. User has Super Admin role.
ERROR - 2025-06-21 23:22:35 --> mysqli_sql_exception: Table 'gas.user_roles' doesn't exist in C:\laragon\www\GAS\system\Database\MySQLi\Connection.php:327
Stack trace:
#0 C:\laragon\www\GAS\system\Database\MySQLi\Connection.php(327): mysqli->query('SELECT `users`....', 0)
#1 C:\laragon\www\GAS\system\Database\BaseConnection.php(738): CodeIgniter\Database\MySQLi\Connection->execute('SELECT `users`....')
#2 C:\laragon\www\GAS\system\Database\BaseConnection.php(652): CodeIgniter\Database\BaseConnection->simpleQuery('SELECT `users`....')
#3 C:\laragon\www\GAS\system\Database\BaseBuilder.php(1649): CodeIgniter\Database\BaseConnection->query('SELECT `users`....', Array, false)
#4 C:\laragon\www\GAS\system\Model.php(286): CodeIgniter\Database\BaseBuilder->get()
#5 C:\laragon\www\GAS\system\BaseModel.php(679): CodeIgniter\Model->doFindAll(0, 0)
#6 C:\laragon\www\GAS\app\Controllers\UserController.php(23): CodeIgniter\BaseModel->findAll()
#7 C:\laragon\www\GAS\system\CodeIgniter.php(933): App\Controllers\UserController->index()
#8 C:\laragon\www\GAS\system\CodeIgniter.php(507): CodeIgniter\CodeIgniter->runController(Object(App\Controllers\UserController))
#9 C:\laragon\www\GAS\system\CodeIgniter.php(354): CodeIgniter\CodeIgniter->handleRequest(NULL, Object(Config\Cache), false)
#10 C:\laragon\www\GAS\system\Boot.php(334): CodeIgniter\CodeIgniter->run()
#11 C:\laragon\www\GAS\system\Boot.php(67): CodeIgniter\Boot::runCodeIgniter(Object(CodeIgniter\CodeIgniter))
#12 C:\laragon\www\GAS\public\index.php(59): CodeIgniter\Boot::bootWeb(Object(Config\Paths))
#13 {main}
CRITICAL - 2025-06-21 23:22:35 --> CodeIgniter\Database\Exceptions\DatabaseException: Table 'gas.user_roles' doesn't exist
[Method: GET, Route: setting/users]
in SYSTEMPATH\Database\BaseConnection.php on line 692.
 1 SYSTEMPATH\Database\BaseBuilder.php(1649): CodeIgniter\Database\BaseConnection->query('SELECT `users`.`id`, `users`.`username`, `users`.`email`, `users`.`name` AS `nama_lengkap`, `users`.`is_active`, GROUP_CONCAT(roles.name SEPARATOR ", ") as roles
FROM `users`
LEFT JOIN `user_roles` ON `user_roles`.`user_id` = `users`.`id`
LEFT JOIN `roles` ON `roles`.`id` = `user_roles`.`role_id`
GROUP BY `users`.`id`', [], false)
 2 SYSTEMPATH\Model.php(286): CodeIgniter\Database\BaseBuilder->get()
 3 SYSTEMPATH\BaseModel.php(679): CodeIgniter\Model->doFindAll(0, 0)
 4 APPPATH\Controllers\UserController.php(23): CodeIgniter\BaseModel->findAll()
 5 SYSTEMPATH\CodeIgniter.php(933): App\Controllers\UserController->index()
 6 SYSTEMPATH\CodeIgniter.php(507): CodeIgniter\CodeIgniter->runController(Object(App\Controllers\UserController))
 7 SYSTEMPATH\CodeIgniter.php(354): CodeIgniter\CodeIgniter->handleRequest(null, Object(Config\Cache), false)
 8 SYSTEMPATH\Boot.php(334): CodeIgniter\CodeIgniter->run()
 9 SYSTEMPATH\Boot.php(67): CodeIgniter\Boot::runCodeIgniter(Object(CodeIgniter\CodeIgniter))
10 FCPATH\index.php(59): CodeIgniter\Boot::bootWeb(Object(Config\Paths))
CRITICAL - 2025-06-21 23:22:35 --> [Caused by] CodeIgniter\Database\Exceptions\DatabaseException: Table 'gas.user_roles' doesn't exist
in SYSTEMPATH\Database\MySQLi\Connection.php on line 332.
 1 SYSTEMPATH\Database\BaseConnection.php(738): CodeIgniter\Database\MySQLi\Connection->execute('SELECT `users`.`id`, `users`.`username`, `users`.`email`, `users`.`name` AS `nama_lengkap`, `users`.`is_active`, GROUP_CONCAT(roles.name SEPARATOR ", ") as roles
FROM `users`
LEFT JOIN `user_roles` ON `user_roles`.`user_id` = `users`.`id`
LEFT JOIN `roles` ON `roles`.`id` = `user_roles`.`role_id`
GROUP BY `users`.`id`')
 2 SYSTEMPATH\Database\BaseConnection.php(652): CodeIgniter\Database\BaseConnection->simpleQuery('SELECT `users`.`id`, `users`.`username`, `users`.`email`, `users`.`name` AS `nama_lengkap`, `users`.`is_active`, GROUP_CONCAT(roles.name SEPARATOR ", ") as roles
FROM `users`
LEFT JOIN `user_roles` ON `user_roles`.`user_id` = `users`.`id`
LEFT JOIN `roles` ON `roles`.`id` = `user_roles`.`role_id`
GROUP BY `users`.`id`')
 3 SYSTEMPATH\Database\BaseBuilder.php(1649): CodeIgniter\Database\BaseConnection->query('SELECT `users`.`id`, `users`.`username`, `users`.`email`, `users`.`name` AS `nama_lengkap`, `users`.`is_active`, GROUP_CONCAT(roles.name SEPARATOR ", ") as roles
FROM `users`
LEFT JOIN `user_roles` ON `user_roles`.`user_id` = `users`.`id`
LEFT JOIN `roles` ON `roles`.`id` = `user_roles`.`role_id`
GROUP BY `users`.`id`', [], false)
 4 SYSTEMPATH\Model.php(286): CodeIgniter\Database\BaseBuilder->get()
 5 SYSTEMPATH\BaseModel.php(679): CodeIgniter\Model->doFindAll(0, 0)
 6 APPPATH\Controllers\UserController.php(23): CodeIgniter\BaseModel->findAll()
 7 SYSTEMPATH\CodeIgniter.php(933): App\Controllers\UserController->index()
 8 SYSTEMPATH\CodeIgniter.php(507): CodeIgniter\CodeIgniter->runController(Object(App\Controllers\UserController))
 9 SYSTEMPATH\CodeIgniter.php(354): CodeIgniter\CodeIgniter->handleRequest(null, Object(Config\Cache), false)
10 SYSTEMPATH\Boot.php(334): CodeIgniter\CodeIgniter->run()
11 SYSTEMPATH\Boot.php(67): CodeIgniter\Boot::runCodeIgniter(Object(CodeIgniter\CodeIgniter))
12 FCPATH\index.php(59): CodeIgniter\Boot::bootWeb(Object(Config\Paths))
CRITICAL - 2025-06-21 23:22:35 --> [Caused by] mysqli_sql_exception: Table 'gas.user_roles' doesn't exist
in SYSTEMPATH\Database\MySQLi\Connection.php on line 327.
 1 SYSTEMPATH\Database\MySQLi\Connection.php(327): mysqli->query('SELECT `users`.`id`, `users`.`username`, `users`.`email`, `users`.`name` AS `nama_lengkap`, `users`.`is_active`, GROUP_CONCAT(roles.name SEPARATOR ", ") as roles
FROM `users`
LEFT JOIN `user_roles` ON `user_roles`.`user_id` = `users`.`id`
LEFT JOIN `roles` ON `roles`.`id` = `user_roles`.`role_id`
GROUP BY `users`.`id`', 0)
 2 SYSTEMPATH\Database\BaseConnection.php(738): CodeIgniter\Database\MySQLi\Connection->execute('SELECT `users`.`id`, `users`.`username`, `users`.`email`, `users`.`name` AS `nama_lengkap`, `users`.`is_active`, GROUP_CONCAT(roles.name SEPARATOR ", ") as roles
FROM `users`
LEFT JOIN `user_roles` ON `user_roles`.`user_id` = `users`.`id`
LEFT JOIN `roles` ON `roles`.`id` = `user_roles`.`role_id`
GROUP BY `users`.`id`')
 3 SYSTEMPATH\Database\BaseConnection.php(652): CodeIgniter\Database\BaseConnection->simpleQuery('SELECT `users`.`id`, `users`.`username`, `users`.`email`, `users`.`name` AS `nama_lengkap`, `users`.`is_active`, GROUP_CONCAT(roles.name SEPARATOR ", ") as roles
FROM `users`
LEFT JOIN `user_roles` ON `user_roles`.`user_id` = `users`.`id`
LEFT JOIN `roles` ON `roles`.`id` = `user_roles`.`role_id`
GROUP BY `users`.`id`')
 4 SYSTEMPATH\Database\BaseBuilder.php(1649): CodeIgniter\Database\BaseConnection->query('SELECT `users`.`id`, `users`.`username`, `users`.`email`, `users`.`name` AS `nama_lengkap`, `users`.`is_active`, GROUP_CONCAT(roles.name SEPARATOR ", ") as roles
FROM `users`
LEFT JOIN `user_roles` ON `user_roles`.`user_id` = `users`.`id`
LEFT JOIN `roles` ON `roles`.`id` = `user_roles`.`role_id`
GROUP BY `users`.`id`', [], false)
 5 SYSTEMPATH\Model.php(286): CodeIgniter\Database\BaseBuilder->get()
 6 SYSTEMPATH\BaseModel.php(679): CodeIgniter\Model->doFindAll(0, 0)
 7 APPPATH\Controllers\UserController.php(23): CodeIgniter\BaseModel->findAll()
 8 SYSTEMPATH\CodeIgniter.php(933): App\Controllers\UserController->index()
 9 SYSTEMPATH\CodeIgniter.php(507): CodeIgniter\CodeIgniter->runController(Object(App\Controllers\UserController))
10 SYSTEMPATH\CodeIgniter.php(354): CodeIgniter\CodeIgniter->handleRequest(null, Object(Config\Cache), false)
11 SYSTEMPATH\Boot.php(334): CodeIgniter\CodeIgniter->run()
12 SYSTEMPATH\Boot.php(67): CodeIgniter\Boot::runCodeIgniter(Object(CodeIgniter\CodeIgniter))
13 FCPATH\index.php(59): CodeIgniter\Boot::bootWeb(Object(Config\Paths))
DEBUG - 2025-06-21 23:24:08 --> Session: Class initialized using 'CodeIgniter\Session\Handlers\FileHandler' driver.
DEBUG - 2025-06-21 23:24:08 --> RBAC: Access granted for UserID: 1. User has Super Admin role.
ERROR - 2025-06-21 23:24:08 --> mysqli_sql_exception: Table 'gas.user_roles' doesn't exist in C:\laragon\www\GAS\system\Database\MySQLi\Connection.php:327
Stack trace:
#0 C:\laragon\www\GAS\system\Database\MySQLi\Connection.php(327): mysqli->query('SELECT `users`....', 0)
#1 C:\laragon\www\GAS\system\Database\BaseConnection.php(738): CodeIgniter\Database\MySQLi\Connection->execute('SELECT `users`....')
#2 C:\laragon\www\GAS\system\Database\BaseConnection.php(652): CodeIgniter\Database\BaseConnection->simpleQuery('SELECT `users`....')
#3 C:\laragon\www\GAS\system\Database\BaseBuilder.php(1649): CodeIgniter\Database\BaseConnection->query('SELECT `users`....', Array, false)
#4 C:\laragon\www\GAS\system\Model.php(286): CodeIgniter\Database\BaseBuilder->get()
#5 C:\laragon\www\GAS\system\BaseModel.php(679): CodeIgniter\Model->doFindAll(0, 0)
#6 C:\laragon\www\GAS\app\Controllers\UserController.php(22): CodeIgniter\BaseModel->findAll()
#7 C:\laragon\www\GAS\system\CodeIgniter.php(933): App\Controllers\UserController->index()
#8 C:\laragon\www\GAS\system\CodeIgniter.php(507): CodeIgniter\CodeIgniter->runController(Object(App\Controllers\UserController))
#9 C:\laragon\www\GAS\system\CodeIgniter.php(354): CodeIgniter\CodeIgniter->handleRequest(NULL, Object(Config\Cache), false)
#10 C:\laragon\www\GAS\system\Boot.php(334): CodeIgniter\CodeIgniter->run()
#11 C:\laragon\www\GAS\system\Boot.php(67): CodeIgniter\Boot::runCodeIgniter(Object(CodeIgniter\CodeIgniter))
#12 C:\laragon\www\GAS\public\index.php(59): CodeIgniter\Boot::bootWeb(Object(Config\Paths))
#13 {main}
CRITICAL - 2025-06-21 23:24:08 --> CodeIgniter\Database\Exceptions\DatabaseException: Table 'gas.user_roles' doesn't exist
[Method: GET, Route: setting/users]
in SYSTEMPATH\Database\BaseConnection.php on line 692.
 1 SYSTEMPATH\Database\BaseBuilder.php(1649): CodeIgniter\Database\BaseConnection->query('SELECT `users`.`id`, `users`.`username`, `users`.`email`, `users`.`name` AS `nama_lengkap`, `users`.`is_active`, GROUP_CONCAT(roles.name SEPARATOR ", ") as roles
FROM `users`
LEFT JOIN `user_roles` ON `user_roles`.`user_id` = `users`.`id`
LEFT JOIN `roles` ON `roles`.`id` = `user_roles`.`role_id`
GROUP BY `users`.`id`', [], false)
 2 SYSTEMPATH\Model.php(286): CodeIgniter\Database\BaseBuilder->get()
 3 SYSTEMPATH\BaseModel.php(679): CodeIgniter\Model->doFindAll(0, 0)
 4 APPPATH\Controllers\UserController.php(22): CodeIgniter\BaseModel->findAll()
 5 SYSTEMPATH\CodeIgniter.php(933): App\Controllers\UserController->index()
 6 SYSTEMPATH\CodeIgniter.php(507): CodeIgniter\CodeIgniter->runController(Object(App\Controllers\UserController))
 7 SYSTEMPATH\CodeIgniter.php(354): CodeIgniter\CodeIgniter->handleRequest(null, Object(Config\Cache), false)
 8 SYSTEMPATH\Boot.php(334): CodeIgniter\CodeIgniter->run()
 9 SYSTEMPATH\Boot.php(67): CodeIgniter\Boot::runCodeIgniter(Object(CodeIgniter\CodeIgniter))
10 FCPATH\index.php(59): CodeIgniter\Boot::bootWeb(Object(Config\Paths))
CRITICAL - 2025-06-21 23:24:08 --> [Caused by] CodeIgniter\Database\Exceptions\DatabaseException: Table 'gas.user_roles' doesn't exist
in SYSTEMPATH\Database\MySQLi\Connection.php on line 332.
 1 SYSTEMPATH\Database\BaseConnection.php(738): CodeIgniter\Database\MySQLi\Connection->execute('SELECT `users`.`id`, `users`.`username`, `users`.`email`, `users`.`name` AS `nama_lengkap`, `users`.`is_active`, GROUP_CONCAT(roles.name SEPARATOR ", ") as roles
FROM `users`
LEFT JOIN `user_roles` ON `user_roles`.`user_id` = `users`.`id`
LEFT JOIN `roles` ON `roles`.`id` = `user_roles`.`role_id`
GROUP BY `users`.`id`')
 2 SYSTEMPATH\Database\BaseConnection.php(652): CodeIgniter\Database\BaseConnection->simpleQuery('SELECT `users`.`id`, `users`.`username`, `users`.`email`, `users`.`name` AS `nama_lengkap`, `users`.`is_active`, GROUP_CONCAT(roles.name SEPARATOR ", ") as roles
FROM `users`
LEFT JOIN `user_roles` ON `user_roles`.`user_id` = `users`.`id`
LEFT JOIN `roles` ON `roles`.`id` = `user_roles`.`role_id`
GROUP BY `users`.`id`')
 3 SYSTEMPATH\Database\BaseBuilder.php(1649): CodeIgniter\Database\BaseConnection->query('SELECT `users`.`id`, `users`.`username`, `users`.`email`, `users`.`name` AS `nama_lengkap`, `users`.`is_active`, GROUP_CONCAT(roles.name SEPARATOR ", ") as roles
FROM `users`
LEFT JOIN `user_roles` ON `user_roles`.`user_id` = `users`.`id`
LEFT JOIN `roles` ON `roles`.`id` = `user_roles`.`role_id`
GROUP BY `users`.`id`', [], false)
 4 SYSTEMPATH\Model.php(286): CodeIgniter\Database\BaseBuilder->get()
 5 SYSTEMPATH\BaseModel.php(679): CodeIgniter\Model->doFindAll(0, 0)
 6 APPPATH\Controllers\UserController.php(22): CodeIgniter\BaseModel->findAll()
 7 SYSTEMPATH\CodeIgniter.php(933): App\Controllers\UserController->index()
 8 SYSTEMPATH\CodeIgniter.php(507): CodeIgniter\CodeIgniter->runController(Object(App\Controllers\UserController))
 9 SYSTEMPATH\CodeIgniter.php(354): CodeIgniter\CodeIgniter->handleRequest(null, Object(Config\Cache), false)
10 SYSTEMPATH\Boot.php(334): CodeIgniter\CodeIgniter->run()
11 SYSTEMPATH\Boot.php(67): CodeIgniter\Boot::runCodeIgniter(Object(CodeIgniter\CodeIgniter))
12 FCPATH\index.php(59): CodeIgniter\Boot::bootWeb(Object(Config\Paths))
CRITICAL - 2025-06-21 23:24:08 --> [Caused by] mysqli_sql_exception: Table 'gas.user_roles' doesn't exist
in SYSTEMPATH\Database\MySQLi\Connection.php on line 327.
 1 SYSTEMPATH\Database\MySQLi\Connection.php(327): mysqli->query('SELECT `users`.`id`, `users`.`username`, `users`.`email`, `users`.`name` AS `nama_lengkap`, `users`.`is_active`, GROUP_CONCAT(roles.name SEPARATOR ", ") as roles
FROM `users`
LEFT JOIN `user_roles` ON `user_roles`.`user_id` = `users`.`id`
LEFT JOIN `roles` ON `roles`.`id` = `user_roles`.`role_id`
GROUP BY `users`.`id`', 0)
 2 SYSTEMPATH\Database\BaseConnection.php(738): CodeIgniter\Database\MySQLi\Connection->execute('SELECT `users`.`id`, `users`.`username`, `users`.`email`, `users`.`name` AS `nama_lengkap`, `users`.`is_active`, GROUP_CONCAT(roles.name SEPARATOR ", ") as roles
FROM `users`
LEFT JOIN `user_roles` ON `user_roles`.`user_id` = `users`.`id`
LEFT JOIN `roles` ON `roles`.`id` = `user_roles`.`role_id`
GROUP BY `users`.`id`')
 3 SYSTEMPATH\Database\BaseConnection.php(652): CodeIgniter\Database\BaseConnection->simpleQuery('SELECT `users`.`id`, `users`.`username`, `users`.`email`, `users`.`name` AS `nama_lengkap`, `users`.`is_active`, GROUP_CONCAT(roles.name SEPARATOR ", ") as roles
FROM `users`
LEFT JOIN `user_roles` ON `user_roles`.`user_id` = `users`.`id`
LEFT JOIN `roles` ON `roles`.`id` = `user_roles`.`role_id`
GROUP BY `users`.`id`')
 4 SYSTEMPATH\Database\BaseBuilder.php(1649): CodeIgniter\Database\BaseConnection->query('SELECT `users`.`id`, `users`.`username`, `users`.`email`, `users`.`name` AS `nama_lengkap`, `users`.`is_active`, GROUP_CONCAT(roles.name SEPARATOR ", ") as roles
FROM `users`
LEFT JOIN `user_roles` ON `user_roles`.`user_id` = `users`.`id`
LEFT JOIN `roles` ON `roles`.`id` = `user_roles`.`role_id`
GROUP BY `users`.`id`', [], false)
 5 SYSTEMPATH\Model.php(286): CodeIgniter\Database\BaseBuilder->get()
 6 SYSTEMPATH\BaseModel.php(679): CodeIgniter\Model->doFindAll(0, 0)
 7 APPPATH\Controllers\UserController.php(22): CodeIgniter\BaseModel->findAll()
 8 SYSTEMPATH\CodeIgniter.php(933): App\Controllers\UserController->index()
 9 SYSTEMPATH\CodeIgniter.php(507): CodeIgniter\CodeIgniter->runController(Object(App\Controllers\UserController))
10 SYSTEMPATH\CodeIgniter.php(354): CodeIgniter\CodeIgniter->handleRequest(null, Object(Config\Cache), false)
11 SYSTEMPATH\Boot.php(334): CodeIgniter\CodeIgniter->run()
12 SYSTEMPATH\Boot.php(67): CodeIgniter\Boot::runCodeIgniter(Object(CodeIgniter\CodeIgniter))
13 FCPATH\index.php(59): CodeIgniter\Boot::bootWeb(Object(Config\Paths))
DEBUG - 2025-06-21 23:24:09 --> Session: Class initialized using 'CodeIgniter\Session\Handlers\FileHandler' driver.
DEBUG - 2025-06-21 23:24:09 --> RBAC: Access granted for UserID: 1. User has Super Admin role.
ERROR - 2025-06-21 23:24:09 --> mysqli_sql_exception: Table 'gas.user_roles' doesn't exist in C:\laragon\www\GAS\system\Database\MySQLi\Connection.php:327
Stack trace:
#0 C:\laragon\www\GAS\system\Database\MySQLi\Connection.php(327): mysqli->query('SELECT `users`....', 0)
#1 C:\laragon\www\GAS\system\Database\BaseConnection.php(738): CodeIgniter\Database\MySQLi\Connection->execute('SELECT `users`....')
#2 C:\laragon\www\GAS\system\Database\BaseConnection.php(652): CodeIgniter\Database\BaseConnection->simpleQuery('SELECT `users`....')
#3 C:\laragon\www\GAS\system\Database\BaseBuilder.php(1649): CodeIgniter\Database\BaseConnection->query('SELECT `users`....', Array, false)
#4 C:\laragon\www\GAS\system\Model.php(286): CodeIgniter\Database\BaseBuilder->get()
#5 C:\laragon\www\GAS\system\BaseModel.php(679): CodeIgniter\Model->doFindAll(0, 0)
#6 C:\laragon\www\GAS\app\Controllers\UserController.php(22): CodeIgniter\BaseModel->findAll()
#7 C:\laragon\www\GAS\system\CodeIgniter.php(933): App\Controllers\UserController->index()
#8 C:\laragon\www\GAS\system\CodeIgniter.php(507): CodeIgniter\CodeIgniter->runController(Object(App\Controllers\UserController))
#9 C:\laragon\www\GAS\system\CodeIgniter.php(354): CodeIgniter\CodeIgniter->handleRequest(NULL, Object(Config\Cache), false)
#10 C:\laragon\www\GAS\system\Boot.php(334): CodeIgniter\CodeIgniter->run()
#11 C:\laragon\www\GAS\system\Boot.php(67): CodeIgniter\Boot::runCodeIgniter(Object(CodeIgniter\CodeIgniter))
#12 C:\laragon\www\GAS\public\index.php(59): CodeIgniter\Boot::bootWeb(Object(Config\Paths))
#13 {main}
CRITICAL - 2025-06-21 23:24:09 --> CodeIgniter\Database\Exceptions\DatabaseException: Table 'gas.user_roles' doesn't exist
[Method: GET, Route: setting/users]
in SYSTEMPATH\Database\BaseConnection.php on line 692.
 1 SYSTEMPATH\Database\BaseBuilder.php(1649): CodeIgniter\Database\BaseConnection->query('SELECT `users`.`id`, `users`.`username`, `users`.`email`, `users`.`name` AS `nama_lengkap`, `users`.`is_active`, GROUP_CONCAT(roles.name SEPARATOR ", ") as roles
FROM `users`
LEFT JOIN `user_roles` ON `user_roles`.`user_id` = `users`.`id`
LEFT JOIN `roles` ON `roles`.`id` = `user_roles`.`role_id`
GROUP BY `users`.`id`', [], false)
 2 SYSTEMPATH\Model.php(286): CodeIgniter\Database\BaseBuilder->get()
 3 SYSTEMPATH\BaseModel.php(679): CodeIgniter\Model->doFindAll(0, 0)
 4 APPPATH\Controllers\UserController.php(22): CodeIgniter\BaseModel->findAll()
 5 SYSTEMPATH\CodeIgniter.php(933): App\Controllers\UserController->index()
 6 SYSTEMPATH\CodeIgniter.php(507): CodeIgniter\CodeIgniter->runController(Object(App\Controllers\UserController))
 7 SYSTEMPATH\CodeIgniter.php(354): CodeIgniter\CodeIgniter->handleRequest(null, Object(Config\Cache), false)
 8 SYSTEMPATH\Boot.php(334): CodeIgniter\CodeIgniter->run()
 9 SYSTEMPATH\Boot.php(67): CodeIgniter\Boot::runCodeIgniter(Object(CodeIgniter\CodeIgniter))
10 FCPATH\index.php(59): CodeIgniter\Boot::bootWeb(Object(Config\Paths))
CRITICAL - 2025-06-21 23:24:09 --> [Caused by] CodeIgniter\Database\Exceptions\DatabaseException: Table 'gas.user_roles' doesn't exist
in SYSTEMPATH\Database\MySQLi\Connection.php on line 332.
 1 SYSTEMPATH\Database\BaseConnection.php(738): CodeIgniter\Database\MySQLi\Connection->execute('SELECT `users`.`id`, `users`.`username`, `users`.`email`, `users`.`name` AS `nama_lengkap`, `users`.`is_active`, GROUP_CONCAT(roles.name SEPARATOR ", ") as roles
FROM `users`
LEFT JOIN `user_roles` ON `user_roles`.`user_id` = `users`.`id`
LEFT JOIN `roles` ON `roles`.`id` = `user_roles`.`role_id`
GROUP BY `users`.`id`')
 2 SYSTEMPATH\Database\BaseConnection.php(652): CodeIgniter\Database\BaseConnection->simpleQuery('SELECT `users`.`id`, `users`.`username`, `users`.`email`, `users`.`name` AS `nama_lengkap`, `users`.`is_active`, GROUP_CONCAT(roles.name SEPARATOR ", ") as roles
FROM `users`
LEFT JOIN `user_roles` ON `user_roles`.`user_id` = `users`.`id`
LEFT JOIN `roles` ON `roles`.`id` = `user_roles`.`role_id`
GROUP BY `users`.`id`')
 3 SYSTEMPATH\Database\BaseBuilder.php(1649): CodeIgniter\Database\BaseConnection->query('SELECT `users`.`id`, `users`.`username`, `users`.`email`, `users`.`name` AS `nama_lengkap`, `users`.`is_active`, GROUP_CONCAT(roles.name SEPARATOR ", ") as roles
FROM `users`
LEFT JOIN `user_roles` ON `user_roles`.`user_id` = `users`.`id`
LEFT JOIN `roles` ON `roles`.`id` = `user_roles`.`role_id`
GROUP BY `users`.`id`', [], false)
 4 SYSTEMPATH\Model.php(286): CodeIgniter\Database\BaseBuilder->get()
 5 SYSTEMPATH\BaseModel.php(679): CodeIgniter\Model->doFindAll(0, 0)
 6 APPPATH\Controllers\UserController.php(22): CodeIgniter\BaseModel->findAll()
 7 SYSTEMPATH\CodeIgniter.php(933): App\Controllers\UserController->index()
 8 SYSTEMPATH\CodeIgniter.php(507): CodeIgniter\CodeIgniter->runController(Object(App\Controllers\UserController))
 9 SYSTEMPATH\CodeIgniter.php(354): CodeIgniter\CodeIgniter->handleRequest(null, Object(Config\Cache), false)
10 SYSTEMPATH\Boot.php(334): CodeIgniter\CodeIgniter->run()
11 SYSTEMPATH\Boot.php(67): CodeIgniter\Boot::runCodeIgniter(Object(CodeIgniter\CodeIgniter))
12 FCPATH\index.php(59): CodeIgniter\Boot::bootWeb(Object(Config\Paths))
CRITICAL - 2025-06-21 23:24:09 --> [Caused by] mysqli_sql_exception: Table 'gas.user_roles' doesn't exist
in SYSTEMPATH\Database\MySQLi\Connection.php on line 327.
 1 SYSTEMPATH\Database\MySQLi\Connection.php(327): mysqli->query('SELECT `users`.`id`, `users`.`username`, `users`.`email`, `users`.`name` AS `nama_lengkap`, `users`.`is_active`, GROUP_CONCAT(roles.name SEPARATOR ", ") as roles
FROM `users`
LEFT JOIN `user_roles` ON `user_roles`.`user_id` = `users`.`id`
LEFT JOIN `roles` ON `roles`.`id` = `user_roles`.`role_id`
GROUP BY `users`.`id`', 0)
 2 SYSTEMPATH\Database\BaseConnection.php(738): CodeIgniter\Database\MySQLi\Connection->execute('SELECT `users`.`id`, `users`.`username`, `users`.`email`, `users`.`name` AS `nama_lengkap`, `users`.`is_active`, GROUP_CONCAT(roles.name SEPARATOR ", ") as roles
FROM `users`
LEFT JOIN `user_roles` ON `user_roles`.`user_id` = `users`.`id`
LEFT JOIN `roles` ON `roles`.`id` = `user_roles`.`role_id`
GROUP BY `users`.`id`')
 3 SYSTEMPATH\Database\BaseConnection.php(652): CodeIgniter\Database\BaseConnection->simpleQuery('SELECT `users`.`id`, `users`.`username`, `users`.`email`, `users`.`name` AS `nama_lengkap`, `users`.`is_active`, GROUP_CONCAT(roles.name SEPARATOR ", ") as roles
FROM `users`
LEFT JOIN `user_roles` ON `user_roles`.`user_id` = `users`.`id`
LEFT JOIN `roles` ON `roles`.`id` = `user_roles`.`role_id`
GROUP BY `users`.`id`')
 4 SYSTEMPATH\Database\BaseBuilder.php(1649): CodeIgniter\Database\BaseConnection->query('SELECT `users`.`id`, `users`.`username`, `users`.`email`, `users`.`name` AS `nama_lengkap`, `users`.`is_active`, GROUP_CONCAT(roles.name SEPARATOR ", ") as roles
FROM `users`
LEFT JOIN `user_roles` ON `user_roles`.`user_id` = `users`.`id`
LEFT JOIN `roles` ON `roles`.`id` = `user_roles`.`role_id`
GROUP BY `users`.`id`', [], false)
 5 SYSTEMPATH\Model.php(286): CodeIgniter\Database\BaseBuilder->get()
 6 SYSTEMPATH\BaseModel.php(679): CodeIgniter\Model->doFindAll(0, 0)
 7 APPPATH\Controllers\UserController.php(22): CodeIgniter\BaseModel->findAll()
 8 SYSTEMPATH\CodeIgniter.php(933): App\Controllers\UserController->index()
 9 SYSTEMPATH\CodeIgniter.php(507): CodeIgniter\CodeIgniter->runController(Object(App\Controllers\UserController))
10 SYSTEMPATH\CodeIgniter.php(354): CodeIgniter\CodeIgniter->handleRequest(null, Object(Config\Cache), false)
11 SYSTEMPATH\Boot.php(334): CodeIgniter\CodeIgniter->run()
12 SYSTEMPATH\Boot.php(67): CodeIgniter\Boot::runCodeIgniter(Object(CodeIgniter\CodeIgniter))
13 FCPATH\index.php(59): CodeIgniter\Boot::bootWeb(Object(Config\Paths))
DEBUG - 2025-06-21 23:46:41 --> Session: Class initialized using 'CodeIgniter\Session\Handlers\FileHandler' driver.
ERROR - 2025-06-21 23:46:41 --> mysqli_sql_exception: Table 'gas.user_role' doesn't exist in C:\laragon\www\GAS\system\Database\MySQLi\Connection.php:327
Stack trace:
#0 C:\laragon\www\GAS\system\Database\MySQLi\Connection.php(327): mysqli->query('SELECT *\nFROM `...', 0)
#1 C:\laragon\www\GAS\system\Database\BaseConnection.php(738): CodeIgniter\Database\MySQLi\Connection->execute('SELECT *\nFROM `...')
#2 C:\laragon\www\GAS\system\Database\BaseConnection.php(652): CodeIgniter\Database\BaseConnection->simpleQuery('SELECT *\nFROM `...')
#3 C:\laragon\www\GAS\system\Database\BaseBuilder.php(1649): CodeIgniter\Database\BaseConnection->query('SELECT *\nFROM `...', Array, false)
#4 C:\laragon\www\GAS\system\Model.php(286): CodeIgniter\Database\BaseBuilder->get()
#5 C:\laragon\www\GAS\system\BaseModel.php(679): CodeIgniter\Model->doFindAll(0, 0)
#6 C:\laragon\www\GAS\app\Filters\Rbac.php(63): CodeIgniter\BaseModel->findAll()
#7 C:\laragon\www\GAS\system\Filters\Filters.php(241): App\Filters\Rbac->before(Object(CodeIgniter\HTTP\IncomingRequest), NULL)
#8 C:\laragon\www\GAS\system\Filters\Filters.php(221): CodeIgniter\Filters\Filters->runBefore(Array)
#9 C:\laragon\www\GAS\system\CodeIgniter.php(479): CodeIgniter\Filters\Filters->run('setting/users', 'before')
#10 C:\laragon\www\GAS\system\CodeIgniter.php(354): CodeIgniter\CodeIgniter->handleRequest(NULL, Object(Config\Cache), false)
#11 C:\laragon\www\GAS\system\Boot.php(334): CodeIgniter\CodeIgniter->run()
#12 C:\laragon\www\GAS\system\Boot.php(67): CodeIgniter\Boot::runCodeIgniter(Object(CodeIgniter\CodeIgniter))
#13 C:\laragon\www\GAS\public\index.php(59): CodeIgniter\Boot::bootWeb(Object(Config\Paths))
#14 {main}
ERROR - 2025-06-21 23:46:41 --> RBAC Filter Exception for UserID: 1, Path: /setting/users: Table 'gas.user_role' doesn't exist
#0 C:\laragon\www\GAS\system\Database\BaseBuilder.php(1649): CodeIgniter\Database\BaseConnection->query('SELECT *\nFROM `...', Array, false)
#1 C:\laragon\www\GAS\system\Model.php(286): CodeIgniter\Database\BaseBuilder->get()
#2 C:\laragon\www\GAS\system\BaseModel.php(679): CodeIgniter\Model->doFindAll(0, 0)
#3 C:\laragon\www\GAS\app\Filters\Rbac.php(63): CodeIgniter\BaseModel->findAll()
#4 C:\laragon\www\GAS\system\Filters\Filters.php(241): App\Filters\Rbac->before(Object(CodeIgniter\HTTP\IncomingRequest), NULL)
#5 C:\laragon\www\GAS\system\Filters\Filters.php(221): CodeIgniter\Filters\Filters->runBefore(Array)
#6 C:\laragon\www\GAS\system\CodeIgniter.php(479): CodeIgniter\Filters\Filters->run('setting/users', 'before')
#7 C:\laragon\www\GAS\system\CodeIgniter.php(354): CodeIgniter\CodeIgniter->handleRequest(NULL, Object(Config\Cache), false)
#8 C:\laragon\www\GAS\system\Boot.php(334): CodeIgniter\CodeIgniter->run()
#9 C:\laragon\www\GAS\system\Boot.php(67): CodeIgniter\Boot::runCodeIgniter(Object(CodeIgniter\CodeIgniter))
#10 C:\laragon\www\GAS\public\index.php(59): CodeIgniter\Boot::bootWeb(Object(Config\Paths))
#11 {main}
DEBUG - 2025-06-21 23:46:41 --> Session: Class initialized using 'CodeIgniter\Session\Handlers\FileHandler' driver.
ERROR - 2025-06-21 23:46:41 --> mysqli_sql_exception: Table 'gas.user_role' doesn't exist in C:\laragon\www\GAS\system\Database\MySQLi\Connection.php:327
Stack trace:
#0 C:\laragon\www\GAS\system\Database\MySQLi\Connection.php(327): mysqli->query('SELECT *\nFROM `...', 0)
#1 C:\laragon\www\GAS\system\Database\BaseConnection.php(738): CodeIgniter\Database\MySQLi\Connection->execute('SELECT *\nFROM `...')
#2 C:\laragon\www\GAS\system\Database\BaseConnection.php(652): CodeIgniter\Database\BaseConnection->simpleQuery('SELECT *\nFROM `...')
#3 C:\laragon\www\GAS\system\Database\BaseBuilder.php(1649): CodeIgniter\Database\BaseConnection->query('SELECT *\nFROM `...', Array, false)
#4 C:\laragon\www\GAS\system\Model.php(286): CodeIgniter\Database\BaseBuilder->get()
#5 C:\laragon\www\GAS\system\BaseModel.php(679): CodeIgniter\Model->doFindAll(0, 0)
#6 C:\laragon\www\GAS\app\Controllers\BaseController.php(68): CodeIgniter\BaseModel->findAll()
#7 C:\laragon\www\GAS\system\CodeIgniter.php(904): App\Controllers\BaseController->initController(Object(CodeIgniter\HTTP\IncomingRequest), Object(CodeIgniter\HTTP\Response), Object(CodeIgniter\Log\Logger))
#8 C:\laragon\www\GAS\system\CodeIgniter.php(498): CodeIgniter\CodeIgniter->createController()
#9 C:\laragon\www\GAS\system\CodeIgniter.php(354): CodeIgniter\CodeIgniter->handleRequest(NULL, Object(Config\Cache), false)
#10 C:\laragon\www\GAS\system\Boot.php(334): CodeIgniter\CodeIgniter->run()
#11 C:\laragon\www\GAS\system\Boot.php(67): CodeIgniter\Boot::runCodeIgniter(Object(CodeIgniter\CodeIgniter))
#12 C:\laragon\www\GAS\public\index.php(59): CodeIgniter\Boot::bootWeb(Object(Config\Paths))
#13 {main}
CRITICAL - 2025-06-21 23:46:41 --> CodeIgniter\Database\Exceptions\DatabaseException: Table 'gas.user_role' doesn't exist
[Method: GET, Route: dashboard]
in SYSTEMPATH\Database\BaseConnection.php on line 692.
 1 SYSTEMPATH\Database\BaseBuilder.php(1649): CodeIgniter\Database\BaseConnection->query('SELECT *
FROM `user_role`
WHERE `user_id` = :user_id:', [...], false)
 2 SYSTEMPATH\Model.php(286): CodeIgniter\Database\BaseBuilder->get()
 3 SYSTEMPATH\BaseModel.php(679): CodeIgniter\Model->doFindAll(0, 0)
 4 APPPATH\Controllers\BaseController.php(68): CodeIgniter\BaseModel->findAll()
 5 SYSTEMPATH\CodeIgniter.php(904): App\Controllers\BaseController->initController(Object(CodeIgniter\HTTP\IncomingRequest), Object(CodeIgniter\HTTP\Response), Object(CodeIgniter\Log\Logger))
 6 SYSTEMPATH\CodeIgniter.php(498): CodeIgniter\CodeIgniter->createController()
 7 SYSTEMPATH\CodeIgniter.php(354): CodeIgniter\CodeIgniter->handleRequest(null, Object(Config\Cache), false)
 8 SYSTEMPATH\Boot.php(334): CodeIgniter\CodeIgniter->run()
 9 SYSTEMPATH\Boot.php(67): CodeIgniter\Boot::runCodeIgniter(Object(CodeIgniter\CodeIgniter))
10 FCPATH\index.php(59): CodeIgniter\Boot::bootWeb(Object(Config\Paths))
CRITICAL - 2025-06-21 23:46:41 --> [Caused by] CodeIgniter\Database\Exceptions\DatabaseException: Table 'gas.user_role' doesn't exist
in SYSTEMPATH\Database\MySQLi\Connection.php on line 332.
 1 SYSTEMPATH\Database\BaseConnection.php(738): CodeIgniter\Database\MySQLi\Connection->execute('SELECT *
FROM `user_role`
WHERE `user_id` = \'1\'')
 2 SYSTEMPATH\Database\BaseConnection.php(652): CodeIgniter\Database\BaseConnection->simpleQuery('SELECT *
FROM `user_role`
WHERE `user_id` = \'1\'')
 3 SYSTEMPATH\Database\BaseBuilder.php(1649): CodeIgniter\Database\BaseConnection->query('SELECT *
FROM `user_role`
WHERE `user_id` = :user_id:', [...], false)
 4 SYSTEMPATH\Model.php(286): CodeIgniter\Database\BaseBuilder->get()
 5 SYSTEMPATH\BaseModel.php(679): CodeIgniter\Model->doFindAll(0, 0)
 6 APPPATH\Controllers\BaseController.php(68): CodeIgniter\BaseModel->findAll()
 7 SYSTEMPATH\CodeIgniter.php(904): App\Controllers\BaseController->initController(Object(CodeIgniter\HTTP\IncomingRequest), Object(CodeIgniter\HTTP\Response), Object(CodeIgniter\Log\Logger))
 8 SYSTEMPATH\CodeIgniter.php(498): CodeIgniter\CodeIgniter->createController()
 9 SYSTEMPATH\CodeIgniter.php(354): CodeIgniter\CodeIgniter->handleRequest(null, Object(Config\Cache), false)
10 SYSTEMPATH\Boot.php(334): CodeIgniter\CodeIgniter->run()
11 SYSTEMPATH\Boot.php(67): CodeIgniter\Boot::runCodeIgniter(Object(CodeIgniter\CodeIgniter))
12 FCPATH\index.php(59): CodeIgniter\Boot::bootWeb(Object(Config\Paths))
CRITICAL - 2025-06-21 23:46:41 --> [Caused by] mysqli_sql_exception: Table 'gas.user_role' doesn't exist
in SYSTEMPATH\Database\MySQLi\Connection.php on line 327.
 1 SYSTEMPATH\Database\MySQLi\Connection.php(327): mysqli->query('SELECT *
FROM `user_role`
WHERE `user_id` = \'1\'', 0)
 2 SYSTEMPATH\Database\BaseConnection.php(738): CodeIgniter\Database\MySQLi\Connection->execute('SELECT *
FROM `user_role`
WHERE `user_id` = \'1\'')
 3 SYSTEMPATH\Database\BaseConnection.php(652): CodeIgniter\Database\BaseConnection->simpleQuery('SELECT *
FROM `user_role`
WHERE `user_id` = \'1\'')
 4 SYSTEMPATH\Database\BaseBuilder.php(1649): CodeIgniter\Database\BaseConnection->query('SELECT *
FROM `user_role`
WHERE `user_id` = :user_id:', [...], false)
 5 SYSTEMPATH\Model.php(286): CodeIgniter\Database\BaseBuilder->get()
 6 SYSTEMPATH\BaseModel.php(679): CodeIgniter\Model->doFindAll(0, 0)
 7 APPPATH\Controllers\BaseController.php(68): CodeIgniter\BaseModel->findAll()
 8 SYSTEMPATH\CodeIgniter.php(904): App\Controllers\BaseController->initController(Object(CodeIgniter\HTTP\IncomingRequest), Object(CodeIgniter\HTTP\Response), Object(CodeIgniter\Log\Logger))
 9 SYSTEMPATH\CodeIgniter.php(498): CodeIgniter\CodeIgniter->createController()
10 SYSTEMPATH\CodeIgniter.php(354): CodeIgniter\CodeIgniter->handleRequest(null, Object(Config\Cache), false)
11 SYSTEMPATH\Boot.php(334): CodeIgniter\CodeIgniter->run()
12 SYSTEMPATH\Boot.php(67): CodeIgniter\Boot::runCodeIgniter(Object(CodeIgniter\CodeIgniter))
13 FCPATH\index.php(59): CodeIgniter\Boot::bootWeb(Object(Config\Paths))
DEBUG - 2025-06-21 23:46:44 --> Session: Class initialized using 'CodeIgniter\Session\Handlers\FileHandler' driver.
ERROR - 2025-06-21 23:46:44 --> mysqli_sql_exception: Table 'gas.user_role' doesn't exist in C:\laragon\www\GAS\system\Database\MySQLi\Connection.php:327
Stack trace:
#0 C:\laragon\www\GAS\system\Database\MySQLi\Connection.php(327): mysqli->query('SELECT *\nFROM `...', 0)
#1 C:\laragon\www\GAS\system\Database\BaseConnection.php(738): CodeIgniter\Database\MySQLi\Connection->execute('SELECT *\nFROM `...')
#2 C:\laragon\www\GAS\system\Database\BaseConnection.php(652): CodeIgniter\Database\BaseConnection->simpleQuery('SELECT *\nFROM `...')
#3 C:\laragon\www\GAS\system\Database\BaseBuilder.php(1649): CodeIgniter\Database\BaseConnection->query('SELECT *\nFROM `...', Array, false)
#4 C:\laragon\www\GAS\system\Model.php(286): CodeIgniter\Database\BaseBuilder->get()
#5 C:\laragon\www\GAS\system\BaseModel.php(679): CodeIgniter\Model->doFindAll(0, 0)
#6 C:\laragon\www\GAS\app\Controllers\BaseController.php(68): CodeIgniter\BaseModel->findAll()
#7 C:\laragon\www\GAS\system\CodeIgniter.php(904): App\Controllers\BaseController->initController(Object(CodeIgniter\HTTP\IncomingRequest), Object(CodeIgniter\HTTP\Response), Object(CodeIgniter\Log\Logger))
#8 C:\laragon\www\GAS\system\CodeIgniter.php(498): CodeIgniter\CodeIgniter->createController()
#9 C:\laragon\www\GAS\system\CodeIgniter.php(354): CodeIgniter\CodeIgniter->handleRequest(NULL, Object(Config\Cache), false)
#10 C:\laragon\www\GAS\system\Boot.php(334): CodeIgniter\CodeIgniter->run()
#11 C:\laragon\www\GAS\system\Boot.php(67): CodeIgniter\Boot::runCodeIgniter(Object(CodeIgniter\CodeIgniter))
#12 C:\laragon\www\GAS\public\index.php(59): CodeIgniter\Boot::bootWeb(Object(Config\Paths))
#13 {main}
CRITICAL - 2025-06-21 23:46:44 --> CodeIgniter\Database\Exceptions\DatabaseException: Table 'gas.user_role' doesn't exist
[Method: GET, Route: dashboard]
in SYSTEMPATH\Database\BaseConnection.php on line 692.
 1 SYSTEMPATH\Database\BaseBuilder.php(1649): CodeIgniter\Database\BaseConnection->query('SELECT *
FROM `user_role`
WHERE `user_id` = :user_id:', [...], false)
 2 SYSTEMPATH\Model.php(286): CodeIgniter\Database\BaseBuilder->get()
 3 SYSTEMPATH\BaseModel.php(679): CodeIgniter\Model->doFindAll(0, 0)
 4 APPPATH\Controllers\BaseController.php(68): CodeIgniter\BaseModel->findAll()
 5 SYSTEMPATH\CodeIgniter.php(904): App\Controllers\BaseController->initController(Object(CodeIgniter\HTTP\IncomingRequest), Object(CodeIgniter\HTTP\Response), Object(CodeIgniter\Log\Logger))
 6 SYSTEMPATH\CodeIgniter.php(498): CodeIgniter\CodeIgniter->createController()
 7 SYSTEMPATH\CodeIgniter.php(354): CodeIgniter\CodeIgniter->handleRequest(null, Object(Config\Cache), false)
 8 SYSTEMPATH\Boot.php(334): CodeIgniter\CodeIgniter->run()
 9 SYSTEMPATH\Boot.php(67): CodeIgniter\Boot::runCodeIgniter(Object(CodeIgniter\CodeIgniter))
10 FCPATH\index.php(59): CodeIgniter\Boot::bootWeb(Object(Config\Paths))
CRITICAL - 2025-06-21 23:46:44 --> [Caused by] CodeIgniter\Database\Exceptions\DatabaseException: Table 'gas.user_role' doesn't exist
in SYSTEMPATH\Database\MySQLi\Connection.php on line 332.
 1 SYSTEMPATH\Database\BaseConnection.php(738): CodeIgniter\Database\MySQLi\Connection->execute('SELECT *
FROM `user_role`
WHERE `user_id` = \'1\'')
 2 SYSTEMPATH\Database\BaseConnection.php(652): CodeIgniter\Database\BaseConnection->simpleQuery('SELECT *
FROM `user_role`
WHERE `user_id` = \'1\'')
 3 SYSTEMPATH\Database\BaseBuilder.php(1649): CodeIgniter\Database\BaseConnection->query('SELECT *
FROM `user_role`
WHERE `user_id` = :user_id:', [...], false)
 4 SYSTEMPATH\Model.php(286): CodeIgniter\Database\BaseBuilder->get()
 5 SYSTEMPATH\BaseModel.php(679): CodeIgniter\Model->doFindAll(0, 0)
 6 APPPATH\Controllers\BaseController.php(68): CodeIgniter\BaseModel->findAll()
 7 SYSTEMPATH\CodeIgniter.php(904): App\Controllers\BaseController->initController(Object(CodeIgniter\HTTP\IncomingRequest), Object(CodeIgniter\HTTP\Response), Object(CodeIgniter\Log\Logger))
 8 SYSTEMPATH\CodeIgniter.php(498): CodeIgniter\CodeIgniter->createController()
 9 SYSTEMPATH\CodeIgniter.php(354): CodeIgniter\CodeIgniter->handleRequest(null, Object(Config\Cache), false)
10 SYSTEMPATH\Boot.php(334): CodeIgniter\CodeIgniter->run()
11 SYSTEMPATH\Boot.php(67): CodeIgniter\Boot::runCodeIgniter(Object(CodeIgniter\CodeIgniter))
12 FCPATH\index.php(59): CodeIgniter\Boot::bootWeb(Object(Config\Paths))
CRITICAL - 2025-06-21 23:46:44 --> [Caused by] mysqli_sql_exception: Table 'gas.user_role' doesn't exist
in SYSTEMPATH\Database\MySQLi\Connection.php on line 327.
 1 SYSTEMPATH\Database\MySQLi\Connection.php(327): mysqli->query('SELECT *
FROM `user_role`
WHERE `user_id` = \'1\'', 0)
 2 SYSTEMPATH\Database\BaseConnection.php(738): CodeIgniter\Database\MySQLi\Connection->execute('SELECT *
FROM `user_role`
WHERE `user_id` = \'1\'')
 3 SYSTEMPATH\Database\BaseConnection.php(652): CodeIgniter\Database\BaseConnection->simpleQuery('SELECT *
FROM `user_role`
WHERE `user_id` = \'1\'')
 4 SYSTEMPATH\Database\BaseBuilder.php(1649): CodeIgniter\Database\BaseConnection->query('SELECT *
FROM `user_role`
WHERE `user_id` = :user_id:', [...], false)
 5 SYSTEMPATH\Model.php(286): CodeIgniter\Database\BaseBuilder->get()
 6 SYSTEMPATH\BaseModel.php(679): CodeIgniter\Model->doFindAll(0, 0)
 7 APPPATH\Controllers\BaseController.php(68): CodeIgniter\BaseModel->findAll()
 8 SYSTEMPATH\CodeIgniter.php(904): App\Controllers\BaseController->initController(Object(CodeIgniter\HTTP\IncomingRequest), Object(CodeIgniter\HTTP\Response), Object(CodeIgniter\Log\Logger))
 9 SYSTEMPATH\CodeIgniter.php(498): CodeIgniter\CodeIgniter->createController()
10 SYSTEMPATH\CodeIgniter.php(354): CodeIgniter\CodeIgniter->handleRequest(null, Object(Config\Cache), false)
11 SYSTEMPATH\Boot.php(334): CodeIgniter\CodeIgniter->run()
12 SYSTEMPATH\Boot.php(67): CodeIgniter\Boot::runCodeIgniter(Object(CodeIgniter\CodeIgniter))
13 FCPATH\index.php(59): CodeIgniter\Boot::bootWeb(Object(Config\Paths))
DEBUG - 2025-06-21 23:47:06 --> Session: Class initialized using 'CodeIgniter\Session\Handlers\FileHandler' driver.
DEBUG - 2025-06-21 23:47:09 --> Session: Class initialized using 'CodeIgniter\Session\Handlers\FileHandler' driver.
DEBUG - 2025-06-21 23:47:38 --> Session: Class initialized using 'CodeIgniter\Session\Handlers\FileHandler' driver.
DEBUG - 2025-06-21 23:47:40 --> Session: Class initialized using 'CodeIgniter\Session\Handlers\FileHandler' driver.
DEBUG - 2025-06-21 23:47:40 --> RBAC: Access granted for UserID: 1. User has Super Admin role.
DEBUG - 2025-06-21 23:47:41 --> Session: Class initialized using 'CodeIgniter\Session\Handlers\FileHandler' driver.
DEBUG - 2025-06-21 23:47:41 --> RBAC: Access granted for UserID: 1. User has Super Admin role.
DEBUG - 2025-06-21 23:47:42 --> Session: Class initialized using 'CodeIgniter\Session\Handlers\FileHandler' driver.
DEBUG - 2025-06-21 23:47:42 --> RBAC: Access granted for UserID: 1. User has Super Admin role.
ERROR - 2025-06-21 23:47:42 --> mysqli_sql_exception: Table 'gas.user_roles' doesn't exist in C:\laragon\www\GAS\system\Database\MySQLi\Connection.php:327
Stack trace:
#0 C:\laragon\www\GAS\system\Database\MySQLi\Connection.php(327): mysqli->query('SELECT `users`....', 0)
#1 C:\laragon\www\GAS\system\Database\BaseConnection.php(738): CodeIgniter\Database\MySQLi\Connection->execute('SELECT `users`....')
#2 C:\laragon\www\GAS\system\Database\BaseConnection.php(652): CodeIgniter\Database\BaseConnection->simpleQuery('SELECT `users`....')
#3 C:\laragon\www\GAS\system\Database\BaseBuilder.php(1649): CodeIgniter\Database\BaseConnection->query('SELECT `users`....', Array, false)
#4 C:\laragon\www\GAS\system\Model.php(286): CodeIgniter\Database\BaseBuilder->get()
#5 C:\laragon\www\GAS\system\BaseModel.php(679): CodeIgniter\Model->doFindAll(0, 0)
#6 C:\laragon\www\GAS\app\Controllers\UserController.php(22): CodeIgniter\BaseModel->findAll()
#7 C:\laragon\www\GAS\system\CodeIgniter.php(933): App\Controllers\UserController->index()
#8 C:\laragon\www\GAS\system\CodeIgniter.php(507): CodeIgniter\CodeIgniter->runController(Object(App\Controllers\UserController))
#9 C:\laragon\www\GAS\system\CodeIgniter.php(354): CodeIgniter\CodeIgniter->handleRequest(NULL, Object(Config\Cache), false)
#10 C:\laragon\www\GAS\system\Boot.php(334): CodeIgniter\CodeIgniter->run()
#11 C:\laragon\www\GAS\system\Boot.php(67): CodeIgniter\Boot::runCodeIgniter(Object(CodeIgniter\CodeIgniter))
#12 C:\laragon\www\GAS\public\index.php(59): CodeIgniter\Boot::bootWeb(Object(Config\Paths))
#13 {main}
CRITICAL - 2025-06-21 23:47:42 --> CodeIgniter\Database\Exceptions\DatabaseException: Table 'gas.user_roles' doesn't exist
[Method: GET, Route: setting/users]
in SYSTEMPATH\Database\BaseConnection.php on line 692.
 1 SYSTEMPATH\Database\BaseBuilder.php(1649): CodeIgniter\Database\BaseConnection->query('SELECT `users`.`id`, `users`.`username`, `users`.`email`, `users`.`name` AS `nama_lengkap`, `users`.`is_active`, GROUP_CONCAT(roles.name SEPARATOR ", ") as roles
FROM `users`
LEFT JOIN `user_roles` ON `user_roles`.`user_id` = `users`.`id`
LEFT JOIN `roles` ON `roles`.`id` = `user_roles`.`role_id`
GROUP BY `users`.`id`', [], false)
 2 SYSTEMPATH\Model.php(286): CodeIgniter\Database\BaseBuilder->get()
 3 SYSTEMPATH\BaseModel.php(679): CodeIgniter\Model->doFindAll(0, 0)
 4 APPPATH\Controllers\UserController.php(22): CodeIgniter\BaseModel->findAll()
 5 SYSTEMPATH\CodeIgniter.php(933): App\Controllers\UserController->index()
 6 SYSTEMPATH\CodeIgniter.php(507): CodeIgniter\CodeIgniter->runController(Object(App\Controllers\UserController))
 7 SYSTEMPATH\CodeIgniter.php(354): CodeIgniter\CodeIgniter->handleRequest(null, Object(Config\Cache), false)
 8 SYSTEMPATH\Boot.php(334): CodeIgniter\CodeIgniter->run()
 9 SYSTEMPATH\Boot.php(67): CodeIgniter\Boot::runCodeIgniter(Object(CodeIgniter\CodeIgniter))
10 FCPATH\index.php(59): CodeIgniter\Boot::bootWeb(Object(Config\Paths))
CRITICAL - 2025-06-21 23:47:42 --> [Caused by] CodeIgniter\Database\Exceptions\DatabaseException: Table 'gas.user_roles' doesn't exist
in SYSTEMPATH\Database\MySQLi\Connection.php on line 332.
 1 SYSTEMPATH\Database\BaseConnection.php(738): CodeIgniter\Database\MySQLi\Connection->execute('SELECT `users`.`id`, `users`.`username`, `users`.`email`, `users`.`name` AS `nama_lengkap`, `users`.`is_active`, GROUP_CONCAT(roles.name SEPARATOR ", ") as roles
FROM `users`
LEFT JOIN `user_roles` ON `user_roles`.`user_id` = `users`.`id`
LEFT JOIN `roles` ON `roles`.`id` = `user_roles`.`role_id`
GROUP BY `users`.`id`')
 2 SYSTEMPATH\Database\BaseConnection.php(652): CodeIgniter\Database\BaseConnection->simpleQuery('SELECT `users`.`id`, `users`.`username`, `users`.`email`, `users`.`name` AS `nama_lengkap`, `users`.`is_active`, GROUP_CONCAT(roles.name SEPARATOR ", ") as roles
FROM `users`
LEFT JOIN `user_roles` ON `user_roles`.`user_id` = `users`.`id`
LEFT JOIN `roles` ON `roles`.`id` = `user_roles`.`role_id`
GROUP BY `users`.`id`')
 3 SYSTEMPATH\Database\BaseBuilder.php(1649): CodeIgniter\Database\BaseConnection->query('SELECT `users`.`id`, `users`.`username`, `users`.`email`, `users`.`name` AS `nama_lengkap`, `users`.`is_active`, GROUP_CONCAT(roles.name SEPARATOR ", ") as roles
FROM `users`
LEFT JOIN `user_roles` ON `user_roles`.`user_id` = `users`.`id`
LEFT JOIN `roles` ON `roles`.`id` = `user_roles`.`role_id`
GROUP BY `users`.`id`', [], false)
 4 SYSTEMPATH\Model.php(286): CodeIgniter\Database\BaseBuilder->get()
 5 SYSTEMPATH\BaseModel.php(679): CodeIgniter\Model->doFindAll(0, 0)
 6 APPPATH\Controllers\UserController.php(22): CodeIgniter\BaseModel->findAll()
 7 SYSTEMPATH\CodeIgniter.php(933): App\Controllers\UserController->index()
 8 SYSTEMPATH\CodeIgniter.php(507): CodeIgniter\CodeIgniter->runController(Object(App\Controllers\UserController))
 9 SYSTEMPATH\CodeIgniter.php(354): CodeIgniter\CodeIgniter->handleRequest(null, Object(Config\Cache), false)
10 SYSTEMPATH\Boot.php(334): CodeIgniter\CodeIgniter->run()
11 SYSTEMPATH\Boot.php(67): CodeIgniter\Boot::runCodeIgniter(Object(CodeIgniter\CodeIgniter))
12 FCPATH\index.php(59): CodeIgniter\Boot::bootWeb(Object(Config\Paths))
CRITICAL - 2025-06-21 23:47:42 --> [Caused by] mysqli_sql_exception: Table 'gas.user_roles' doesn't exist
in SYSTEMPATH\Database\MySQLi\Connection.php on line 327.
 1 SYSTEMPATH\Database\MySQLi\Connection.php(327): mysqli->query('SELECT `users`.`id`, `users`.`username`, `users`.`email`, `users`.`name` AS `nama_lengkap`, `users`.`is_active`, GROUP_CONCAT(roles.name SEPARATOR ", ") as roles
FROM `users`
LEFT JOIN `user_roles` ON `user_roles`.`user_id` = `users`.`id`
LEFT JOIN `roles` ON `roles`.`id` = `user_roles`.`role_id`
GROUP BY `users`.`id`', 0)
 2 SYSTEMPATH\Database\BaseConnection.php(738): CodeIgniter\Database\MySQLi\Connection->execute('SELECT `users`.`id`, `users`.`username`, `users`.`email`, `users`.`name` AS `nama_lengkap`, `users`.`is_active`, GROUP_CONCAT(roles.name SEPARATOR ", ") as roles
FROM `users`
LEFT JOIN `user_roles` ON `user_roles`.`user_id` = `users`.`id`
LEFT JOIN `roles` ON `roles`.`id` = `user_roles`.`role_id`
GROUP BY `users`.`id`')
 3 SYSTEMPATH\Database\BaseConnection.php(652): CodeIgniter\Database\BaseConnection->simpleQuery('SELECT `users`.`id`, `users`.`username`, `users`.`email`, `users`.`name` AS `nama_lengkap`, `users`.`is_active`, GROUP_CONCAT(roles.name SEPARATOR ", ") as roles
FROM `users`
LEFT JOIN `user_roles` ON `user_roles`.`user_id` = `users`.`id`
LEFT JOIN `roles` ON `roles`.`id` = `user_roles`.`role_id`
GROUP BY `users`.`id`')
 4 SYSTEMPATH\Database\BaseBuilder.php(1649): CodeIgniter\Database\BaseConnection->query('SELECT `users`.`id`, `users`.`username`, `users`.`email`, `users`.`name` AS `nama_lengkap`, `users`.`is_active`, GROUP_CONCAT(roles.name SEPARATOR ", ") as roles
FROM `users`
LEFT JOIN `user_roles` ON `user_roles`.`user_id` = `users`.`id`
LEFT JOIN `roles` ON `roles`.`id` = `user_roles`.`role_id`
GROUP BY `users`.`id`', [], false)
 5 SYSTEMPATH\Model.php(286): CodeIgniter\Database\BaseBuilder->get()
 6 SYSTEMPATH\BaseModel.php(679): CodeIgniter\Model->doFindAll(0, 0)
 7 APPPATH\Controllers\UserController.php(22): CodeIgniter\BaseModel->findAll()
 8 SYSTEMPATH\CodeIgniter.php(933): App\Controllers\UserController->index()
 9 SYSTEMPATH\CodeIgniter.php(507): CodeIgniter\CodeIgniter->runController(Object(App\Controllers\UserController))
10 SYSTEMPATH\CodeIgniter.php(354): CodeIgniter\CodeIgniter->handleRequest(null, Object(Config\Cache), false)
11 SYSTEMPATH\Boot.php(334): CodeIgniter\CodeIgniter->run()
12 SYSTEMPATH\Boot.php(67): CodeIgniter\Boot::runCodeIgniter(Object(CodeIgniter\CodeIgniter))
13 FCPATH\index.php(59): CodeIgniter\Boot::bootWeb(Object(Config\Paths))
DEBUG - 2025-06-21 23:49:24 --> Session: Class initialized using 'CodeIgniter\Session\Handlers\FileHandler' driver.
DEBUG - 2025-06-21 23:49:24 --> RBAC: Access granted for UserID: 1. User has Super Admin role.
DEBUG - 2025-06-21 23:49:53 --> Session: Class initialized using 'CodeIgniter\Session\Handlers\FileHandler' driver.
DEBUG - 2025-06-21 23:49:54 --> RBAC: Access granted for UserID: 1. User has Super Admin role.
DEBUG - 2025-06-21 23:50:03 --> Session: Class initialized using 'CodeIgniter\Session\Handlers\FileHandler' driver.
DEBUG - 2025-06-21 23:50:03 --> RBAC: Path '/password/change' is in the exclusion list. Bypassing permission check.
DEBUG - 2025-06-21 23:50:05 --> Session: Class initialized using 'CodeIgniter\Session\Handlers\FileHandler' driver.
DEBUG - 2025-06-21 23:50:05 --> RBAC: Access granted for UserID: 1. User has Super Admin role.
DEBUG - 2025-06-21 23:50:06 --> Session: Class initialized using 'CodeIgniter\Session\Handlers\FileHandler' driver.
DEBUG - 2025-06-21 23:50:06 --> RBAC: Access granted for UserID: 1. User has Super Admin role.
DEBUG - 2025-06-21 23:50:07 --> Session: Class initialized using 'CodeIgniter\Session\Handlers\FileHandler' driver.
DEBUG - 2025-06-21 23:50:07 --> RBAC: Access granted for UserID: 1. User has Super Admin role.
DEBUG - 2025-06-21 23:50:08 --> Session: Class initialized using 'CodeIgniter\Session\Handlers\FileHandler' driver.
DEBUG - 2025-06-21 23:50:08 --> RBAC: Access granted for UserID: 1. User has Super Admin role.
DEBUG - 2025-06-21 23:59:34 --> Session: Class initialized using 'CodeIgniter\Session\Handlers\FileHandler' driver.
DEBUG - 2025-06-21 23:59:34 --> RBAC: Access granted for UserID: 1. User has Super Admin role.
DEBUG - 2025-06-21 23:59:35 --> Session: Class initialized using 'CodeIgniter\Session\Handlers\FileHandler' driver.
DEBUG - 2025-06-21 23:59:35 --> RBAC: Access granted for UserID: 1. User has Super Admin role.
DEBUG - 2025-06-21 23:59:49 --> Session: Class initialized using 'CodeIgniter\Session\Handlers\FileHandler' driver.
DEBUG - 2025-06-21 23:59:49 --> RBAC: Access granted for UserID: 1. User has Super Admin role.
DEBUG - 2025-06-21 23:59:53 --> Session: Class initialized using 'CodeIgniter\Session\Handlers\FileHandler' driver.
DEBUG - 2025-06-21 23:59:53 --> RBAC: Access granted for UserID: 1. User has Super Admin role.
